<?xml version="1.0" encoding="UTF-8"?>
<robot generator="Robot 3.1a2 (Python 3.7.0 on win32)" generated="20181210 17:50:10.853" rpa="false">
<suite id="s1" name="TestSuites" source="C:\development\robot-scripts\DSA-USA\TestSuites">
<suite id="s1-s1" name="Admin" source="C:\development\robot-scripts\DSA-USA\TestSuites\Admin">
<suite id="s1-s1-s1" name="Admin ScoreCardConfiguration" source="C:\development\robot-scripts\DSA-USA\TestSuites\Admin\Admin_ScoreCardConfiguration.robot">
<test id="s1-s1-s1-t1" name="Operations on Driver Score Card Bonus tab under Admin Module">
<kw name="begin test" library="CommonKeywords" type="setup">
<kw name="Open Browser" library="SeleniumLibrary">
<doc>Opens a new browser instance to the given ``url``.</doc>
<arguments>
<arg>about:blank</arg>
<arg>${Browser}</arg>
</arguments>
<msg timestamp="20181210 17:50:12.010" level="INFO">Opening browser 'gc' to base url 'about:blank'.</msg>
<status status="PASS" starttime="20181210 17:50:12.010" endtime="20181210 17:50:14.285"></status>
</kw>
<kw name="Maximize Browser Window" library="SeleniumLibrary">
<doc>Maximizes current browser window.</doc>
<status status="PASS" starttime="20181210 17:50:14.285" endtime="20181210 17:50:15.421"></status>
</kw>
<kw name="Go To" library="SeleniumLibrary">
<doc>Navigates the active browser instance to the provided ``url``.</doc>
<arguments>
<arg>${URL}</arg>
</arguments>
<msg timestamp="20181210 17:50:15.421" level="INFO">Opening url 'https://v7iq7:Elephant@9@mysit.gfs.com/driverSafety/#/'</msg>
<status status="PASS" starttime="20181210 17:50:15.421" endtime="20181210 17:50:31.856"></status>
</kw>
<kw name="Sleep" library="BuiltIn">
<doc>Pauses the test executed for the given time.</doc>
<arguments>
<arg>5s</arg>
</arguments>
<msg timestamp="20181210 17:50:36.870" level="INFO">Slept 5 seconds</msg>
<status status="PASS" starttime="20181210 17:50:31.856" endtime="20181210 17:50:36.870"></status>
</kw>
<status status="PASS" starttime="20181210 17:50:12.010" endtime="20181210 17:50:36.870"></status>
</kw>
<kw name="Go to Driver Score Card tab in Admin">
<kw name="Sleep" library="BuiltIn">
<doc>Pauses the test executed for the given time.</doc>
<arguments>
<arg>5s</arg>
</arguments>
<msg timestamp="20181210 17:50:41.883" level="INFO">Slept 5 seconds</msg>
<status status="PASS" starttime="20181210 17:50:36.870" endtime="20181210 17:50:41.883"></status>
</kw>
<kw name="Click Element" library="SeleniumLibrary">
<doc>Click element identified by ``locator``.</doc>
<arguments>
<arg>//a[contains(text(),'Admin')]</arg>
</arguments>
<msg timestamp="20181210 17:50:41.883" level="INFO">Clicking element '//a[contains(text(),'Admin')]'.</msg>
<status status="PASS" starttime="20181210 17:50:41.883" endtime="20181210 17:50:42.055"></status>
</kw>
<kw name="Sleep" library="BuiltIn">
<doc>Pauses the test executed for the given time.</doc>
<arguments>
<arg>5s</arg>
</arguments>
<msg timestamp="20181210 17:50:47.055" level="INFO">Slept 5 seconds</msg>
<status status="PASS" starttime="20181210 17:50:42.055" endtime="20181210 17:50:47.055"></status>
</kw>
<kw name="Click Element" library="SeleniumLibrary">
<doc>Click element identified by ``locator``.</doc>
<arguments>
<arg>//a[contains(text(),'Driver Scorecard Bonus')]</arg>
</arguments>
<msg timestamp="20181210 17:50:47.055" level="INFO">Clicking element '//a[contains(text(),'Driver Scorecard Bonus')]'.</msg>
<status status="PASS" starttime="20181210 17:50:47.055" endtime="20181210 17:50:49.616"></status>
</kw>
<kw name="Sleep" library="BuiltIn">
<doc>Pauses the test executed for the given time.</doc>
<arguments>
<arg>10s</arg>
</arguments>
<msg timestamp="20181210 17:50:59.626" level="INFO">Slept 10 seconds</msg>
<status status="PASS" starttime="20181210 17:50:49.616" endtime="20181210 17:50:59.626"></status>
</kw>
<kw name="Page Should Contain Element" library="SeleniumLibrary">
<doc>Verifies that element ``locator`` is found on the current page.</doc>
<arguments>
<arg>//legend[contains(text(),'Driver Scorecard Rates')]</arg>
</arguments>
<msg timestamp="20181210 17:50:59.673" level="INFO">Current page contains element '//legend[contains(text(),'Driver Scorecard Rates')]'.</msg>
<status status="PASS" starttime="20181210 17:50:59.626" endtime="20181210 17:50:59.673"></status>
</kw>
<status status="PASS" starttime="20181210 17:50:36.870" endtime="20181210 17:50:59.673"></status>
</kw>
<kw name="Check If no configurations are set or equal to zero">
<kw name="Get Matching Xpath Count" library="SeleniumLibrary">
<doc>Deprecated. Use `Get Element Count` instead.</doc>
<arguments>
<arg>(//button[@id='remove'])</arg>
</arguments>
<assign>
<var>${No_Of_Remove_buttons}</var>
</assign>
<msg timestamp="20181210 17:50:59.689" level="INFO">${No_Of_Remove_buttons} = 10</msg>
<status status="PASS" starttime="20181210 17:50:59.673" endtime="20181210 17:50:59.689"></status>
</kw>
<kw name="Run Keyword If" library="BuiltIn">
<doc>Runs the given keyword with the given arguments, if ``condition`` is true.</doc>
<arguments>
<arg>${No_Of_Remove_buttons} &gt;= 0</arg>
<arg>Cleanup existing configuratins in Driver Score Card Bonus tab in admin module</arg>
</arguments>
<kw name="Cleanup existing configuratins in Driver Score Card Bonus tab in admin module">
<kw name="Get Matching Xpath Count" library="SeleniumLibrary">
<doc>Deprecated. Use `Get Element Count` instead.</doc>
<arguments>
<arg>(//button[@id='remove'])</arg>
</arguments>
<assign>
<var>${No_Of_Remove_buttons}</var>
</assign>
<msg timestamp="20181210 17:50:59.704" level="INFO">${No_Of_Remove_buttons} = 10</msg>
<status status="PASS" starttime="20181210 17:50:59.689" endtime="20181210 17:50:59.704"></status>
</kw>
<kw name="Evaluate" library="BuiltIn">
<doc>Evaluates the given expression in Python and returns the results.</doc>
<arguments>
<arg>${No_Of_Remove_buttons} +1</arg>
</arguments>
<assign>
<var>${No_Of_Remove_buttons}</var>
</assign>
<msg timestamp="20181210 17:50:59.704" level="INFO">${No_Of_Remove_buttons} = 11</msg>
<status status="PASS" starttime="20181210 17:50:59.704" endtime="20181210 17:50:59.704"></status>
</kw>
<kw name="${i} IN RANGE [ ${No_Of_Remove_buttons} ]" type="for">
<kw name="${i} = 0" type="foritem">
<kw name="Sleep" library="BuiltIn">
<doc>Pauses the test executed for the given time.</doc>
<arguments>
<arg>2s</arg>
</arguments>
<msg timestamp="20181210 17:51:01.709" level="INFO">Slept 2 seconds</msg>
<status status="PASS" starttime="20181210 17:50:59.704" endtime="20181210 17:51:01.709"></status>
</kw>
<kw name="Evaluate" library="BuiltIn">
<doc>Evaluates the given expression in Python and returns the results.</doc>
<arguments>
<arg>${No_Of_Remove_buttons} - 1</arg>
</arguments>
<assign>
<var>${No_Of_Remove_buttons}</var>
</assign>
<msg timestamp="20181210 17:51:01.709" level="INFO">${No_Of_Remove_buttons} = 10</msg>
<status status="PASS" starttime="20181210 17:51:01.709" endtime="20181210 17:51:01.709"></status>
</kw>
<kw name="Exit For Loop If" library="BuiltIn">
<doc>Stops executing the enclosing for loop if the ``condition`` is true.</doc>
<arguments>
<arg>${No_Of_Remove_buttons} == 0</arg>
</arguments>
<status status="PASS" starttime="20181210 17:51:01.709" endtime="20181210 17:51:01.709"></status>
</kw>
<kw name="Click Button" library="SeleniumLibrary">
<doc>Clicks button identified by ``locator``.</doc>
<arguments>
<arg>(//button[@id='remove'])[${No_Of_Remove_buttons}]</arg>
</arguments>
<msg timestamp="20181210 17:51:01.709" level="INFO">Clicking button '(//button[@id='remove'])[10]'.</msg>
<status status="PASS" starttime="20181210 17:51:01.709" endtime="20181210 17:51:01.870"></status>
</kw>
<status status="PASS" starttime="20181210 17:50:59.704" endtime="20181210 17:51:01.870"></status>
</kw>
<kw name="${i} = 1" type="foritem">
<kw name="Sleep" library="BuiltIn">
<doc>Pauses the test executed for the given time.</doc>
<arguments>
<arg>2s</arg>
</arguments>
<msg timestamp="20181210 17:51:03.876" level="INFO">Slept 2 seconds</msg>
<status status="PASS" starttime="20181210 17:51:01.870" endtime="20181210 17:51:03.876"></status>
</kw>
<kw name="Evaluate" library="BuiltIn">
<doc>Evaluates the given expression in Python and returns the results.</doc>
<arguments>
<arg>${No_Of_Remove_buttons} - 1</arg>
</arguments>
<assign>
<var>${No_Of_Remove_buttons}</var>
</assign>
<msg timestamp="20181210 17:51:03.876" level="INFO">${No_Of_Remove_buttons} = 9</msg>
<status status="PASS" starttime="20181210 17:51:03.876" endtime="20181210 17:51:03.876"></status>
</kw>
<kw name="Exit For Loop If" library="BuiltIn">
<doc>Stops executing the enclosing for loop if the ``condition`` is true.</doc>
<arguments>
<arg>${No_Of_Remove_buttons} == 0</arg>
</arguments>
<status status="PASS" starttime="20181210 17:51:03.876" endtime="20181210 17:51:03.876"></status>
</kw>
<kw name="Click Button" library="SeleniumLibrary">
<doc>Clicks button identified by ``locator``.</doc>
<arguments>
<arg>(//button[@id='remove'])[${No_Of_Remove_buttons}]</arg>
</arguments>
<msg timestamp="20181210 17:51:03.876" level="INFO">Clicking button '(//button[@id='remove'])[9]'.</msg>
<status status="PASS" starttime="20181210 17:51:03.876" endtime="20181210 17:51:04.036"></status>
</kw>
<status status="PASS" starttime="20181210 17:51:01.870" endtime="20181210 17:51:04.036"></status>
</kw>
<kw name="${i} = 2" type="foritem">
<kw name="Sleep" library="BuiltIn">
<doc>Pauses the test executed for the given time.</doc>
<arguments>
<arg>2s</arg>
</arguments>
<msg timestamp="20181210 17:51:06.037" level="INFO">Slept 2 seconds</msg>
<status status="PASS" starttime="20181210 17:51:04.036" endtime="20181210 17:51:06.037"></status>
</kw>
<kw name="Evaluate" library="BuiltIn">
<doc>Evaluates the given expression in Python and returns the results.</doc>
<arguments>
<arg>${No_Of_Remove_buttons} - 1</arg>
</arguments>
<assign>
<var>${No_Of_Remove_buttons}</var>
</assign>
<msg timestamp="20181210 17:51:06.037" level="INFO">${No_Of_Remove_buttons} = 8</msg>
<status status="PASS" starttime="20181210 17:51:06.037" endtime="20181210 17:51:06.037"></status>
</kw>
<kw name="Exit For Loop If" library="BuiltIn">
<doc>Stops executing the enclosing for loop if the ``condition`` is true.</doc>
<arguments>
<arg>${No_Of_Remove_buttons} == 0</arg>
</arguments>
<status status="PASS" starttime="20181210 17:51:06.037" endtime="20181210 17:51:06.037"></status>
</kw>
<kw name="Click Button" library="SeleniumLibrary">
<doc>Clicks button identified by ``locator``.</doc>
<arguments>
<arg>(//button[@id='remove'])[${No_Of_Remove_buttons}]</arg>
</arguments>
<msg timestamp="20181210 17:51:06.037" level="INFO">Clicking button '(//button[@id='remove'])[8]'.</msg>
<status status="PASS" starttime="20181210 17:51:06.037" endtime="20181210 17:51:06.206"></status>
</kw>
<status status="PASS" starttime="20181210 17:51:04.036" endtime="20181210 17:51:06.206"></status>
</kw>
<kw name="${i} = 3" type="foritem">
<kw name="Sleep" library="BuiltIn">
<doc>Pauses the test executed for the given time.</doc>
<arguments>
<arg>2s</arg>
</arguments>
<msg timestamp="20181210 17:51:08.213" level="INFO">Slept 2 seconds</msg>
<status status="PASS" starttime="20181210 17:51:06.206" endtime="20181210 17:51:08.213"></status>
</kw>
<kw name="Evaluate" library="BuiltIn">
<doc>Evaluates the given expression in Python and returns the results.</doc>
<arguments>
<arg>${No_Of_Remove_buttons} - 1</arg>
</arguments>
<assign>
<var>${No_Of_Remove_buttons}</var>
</assign>
<msg timestamp="20181210 17:51:08.213" level="INFO">${No_Of_Remove_buttons} = 7</msg>
<status status="PASS" starttime="20181210 17:51:08.213" endtime="20181210 17:51:08.213"></status>
</kw>
<kw name="Exit For Loop If" library="BuiltIn">
<doc>Stops executing the enclosing for loop if the ``condition`` is true.</doc>
<arguments>
<arg>${No_Of_Remove_buttons} == 0</arg>
</arguments>
<status status="PASS" starttime="20181210 17:51:08.213" endtime="20181210 17:51:08.213"></status>
</kw>
<kw name="Click Button" library="SeleniumLibrary">
<doc>Clicks button identified by ``locator``.</doc>
<arguments>
<arg>(//button[@id='remove'])[${No_Of_Remove_buttons}]</arg>
</arguments>
<msg timestamp="20181210 17:51:08.213" level="INFO">Clicking button '(//button[@id='remove'])[7]'.</msg>
<status status="PASS" starttime="20181210 17:51:08.213" endtime="20181210 17:51:08.381"></status>
</kw>
<status status="PASS" starttime="20181210 17:51:06.206" endtime="20181210 17:51:08.381"></status>
</kw>
<kw name="${i} = 4" type="foritem">
<kw name="Sleep" library="BuiltIn">
<doc>Pauses the test executed for the given time.</doc>
<arguments>
<arg>2s</arg>
</arguments>
<msg timestamp="20181210 17:51:10.394" level="INFO">Slept 2 seconds</msg>
<status status="PASS" starttime="20181210 17:51:08.381" endtime="20181210 17:51:10.394"></status>
</kw>
<kw name="Evaluate" library="BuiltIn">
<doc>Evaluates the given expression in Python and returns the results.</doc>
<arguments>
<arg>${No_Of_Remove_buttons} - 1</arg>
</arguments>
<assign>
<var>${No_Of_Remove_buttons}</var>
</assign>
<msg timestamp="20181210 17:51:10.394" level="INFO">${No_Of_Remove_buttons} = 6</msg>
<status status="PASS" starttime="20181210 17:51:10.394" endtime="20181210 17:51:10.394"></status>
</kw>
<kw name="Exit For Loop If" library="BuiltIn">
<doc>Stops executing the enclosing for loop if the ``condition`` is true.</doc>
<arguments>
<arg>${No_Of_Remove_buttons} == 0</arg>
</arguments>
<status status="PASS" starttime="20181210 17:51:10.394" endtime="20181210 17:51:10.394"></status>
</kw>
<kw name="Click Button" library="SeleniumLibrary">
<doc>Clicks button identified by ``locator``.</doc>
<arguments>
<arg>(//button[@id='remove'])[${No_Of_Remove_buttons}]</arg>
</arguments>
<msg timestamp="20181210 17:51:10.394" level="INFO">Clicking button '(//button[@id='remove'])[6]'.</msg>
<status status="PASS" starttime="20181210 17:51:10.394" endtime="20181210 17:51:10.546"></status>
</kw>
<status status="PASS" starttime="20181210 17:51:08.381" endtime="20181210 17:51:10.546"></status>
</kw>
<kw name="${i} = 5" type="foritem">
<kw name="Sleep" library="BuiltIn">
<doc>Pauses the test executed for the given time.</doc>
<arguments>
<arg>2s</arg>
</arguments>
<msg timestamp="20181210 17:51:12.549" level="INFO">Slept 2 seconds</msg>
<status status="PASS" starttime="20181210 17:51:10.546" endtime="20181210 17:51:12.549"></status>
</kw>
<kw name="Evaluate" library="BuiltIn">
<doc>Evaluates the given expression in Python and returns the results.</doc>
<arguments>
<arg>${No_Of_Remove_buttons} - 1</arg>
</arguments>
<assign>
<var>${No_Of_Remove_buttons}</var>
</assign>
<msg timestamp="20181210 17:51:12.549" level="INFO">${No_Of_Remove_buttons} = 5</msg>
<status status="PASS" starttime="20181210 17:51:12.549" endtime="20181210 17:51:12.549"></status>
</kw>
<kw name="Exit For Loop If" library="BuiltIn">
<doc>Stops executing the enclosing for loop if the ``condition`` is true.</doc>
<arguments>
<arg>${No_Of_Remove_buttons} == 0</arg>
</arguments>
<status status="PASS" starttime="20181210 17:51:12.549" endtime="20181210 17:51:12.549"></status>
</kw>
<kw name="Click Button" library="SeleniumLibrary">
<doc>Clicks button identified by ``locator``.</doc>
<arguments>
<arg>(//button[@id='remove'])[${No_Of_Remove_buttons}]</arg>
</arguments>
<msg timestamp="20181210 17:51:12.549" level="INFO">Clicking button '(//button[@id='remove'])[5]'.</msg>
<status status="PASS" starttime="20181210 17:51:12.549" endtime="20181210 17:51:12.690"></status>
</kw>
<status status="PASS" starttime="20181210 17:51:10.546" endtime="20181210 17:51:12.690"></status>
</kw>
<kw name="${i} = 6" type="foritem">
<kw name="Sleep" library="BuiltIn">
<doc>Pauses the test executed for the given time.</doc>
<arguments>
<arg>2s</arg>
</arguments>
<msg timestamp="20181210 17:51:14.693" level="INFO">Slept 2 seconds</msg>
<status status="PASS" starttime="20181210 17:51:12.691" endtime="20181210 17:51:14.693"></status>
</kw>
<kw name="Evaluate" library="BuiltIn">
<doc>Evaluates the given expression in Python and returns the results.</doc>
<arguments>
<arg>${No_Of_Remove_buttons} - 1</arg>
</arguments>
<assign>
<var>${No_Of_Remove_buttons}</var>
</assign>
<msg timestamp="20181210 17:51:14.693" level="INFO">${No_Of_Remove_buttons} = 4</msg>
<status status="PASS" starttime="20181210 17:51:14.693" endtime="20181210 17:51:14.693"></status>
</kw>
<kw name="Exit For Loop If" library="BuiltIn">
<doc>Stops executing the enclosing for loop if the ``condition`` is true.</doc>
<arguments>
<arg>${No_Of_Remove_buttons} == 0</arg>
</arguments>
<status status="PASS" starttime="20181210 17:51:14.693" endtime="20181210 17:51:14.693"></status>
</kw>
<kw name="Click Button" library="SeleniumLibrary">
<doc>Clicks button identified by ``locator``.</doc>
<arguments>
<arg>(//button[@id='remove'])[${No_Of_Remove_buttons}]</arg>
</arguments>
<msg timestamp="20181210 17:51:14.693" level="INFO">Clicking button '(//button[@id='remove'])[4]'.</msg>
<status status="PASS" starttime="20181210 17:51:14.693" endtime="20181210 17:51:14.844"></status>
</kw>
<status status="PASS" starttime="20181210 17:51:12.690" endtime="20181210 17:51:14.844"></status>
</kw>
<kw name="${i} = 7" type="foritem">
<kw name="Sleep" library="BuiltIn">
<doc>Pauses the test executed for the given time.</doc>
<arguments>
<arg>2s</arg>
</arguments>
<msg timestamp="20181210 17:51:16.852" level="INFO">Slept 2 seconds</msg>
<status status="PASS" starttime="20181210 17:51:14.844" endtime="20181210 17:51:16.852"></status>
</kw>
<kw name="Evaluate" library="BuiltIn">
<doc>Evaluates the given expression in Python and returns the results.</doc>
<arguments>
<arg>${No_Of_Remove_buttons} - 1</arg>
</arguments>
<assign>
<var>${No_Of_Remove_buttons}</var>
</assign>
<msg timestamp="20181210 17:51:16.852" level="INFO">${No_Of_Remove_buttons} = 3</msg>
<status status="PASS" starttime="20181210 17:51:16.852" endtime="20181210 17:51:16.852"></status>
</kw>
<kw name="Exit For Loop If" library="BuiltIn">
<doc>Stops executing the enclosing for loop if the ``condition`` is true.</doc>
<arguments>
<arg>${No_Of_Remove_buttons} == 0</arg>
</arguments>
<status status="PASS" starttime="20181210 17:51:16.852" endtime="20181210 17:51:16.852"></status>
</kw>
<kw name="Click Button" library="SeleniumLibrary">
<doc>Clicks button identified by ``locator``.</doc>
<arguments>
<arg>(//button[@id='remove'])[${No_Of_Remove_buttons}]</arg>
</arguments>
<msg timestamp="20181210 17:51:16.852" level="INFO">Clicking button '(//button[@id='remove'])[3]'.</msg>
<status status="PASS" starttime="20181210 17:51:16.852" endtime="20181210 17:51:17.021"></status>
</kw>
<status status="PASS" starttime="20181210 17:51:14.844" endtime="20181210 17:51:17.021"></status>
</kw>
<kw name="${i} = 8" type="foritem">
<kw name="Sleep" library="BuiltIn">
<doc>Pauses the test executed for the given time.</doc>
<arguments>
<arg>2s</arg>
</arguments>
<msg timestamp="20181210 17:51:19.027" level="INFO">Slept 2 seconds</msg>
<status status="PASS" starttime="20181210 17:51:17.021" endtime="20181210 17:51:19.027"></status>
</kw>
<kw name="Evaluate" library="BuiltIn">
<doc>Evaluates the given expression in Python and returns the results.</doc>
<arguments>
<arg>${No_Of_Remove_buttons} - 1</arg>
</arguments>
<assign>
<var>${No_Of_Remove_buttons}</var>
</assign>
<msg timestamp="20181210 17:51:19.027" level="INFO">${No_Of_Remove_buttons} = 2</msg>
<status status="PASS" starttime="20181210 17:51:19.027" endtime="20181210 17:51:19.027"></status>
</kw>
<kw name="Exit For Loop If" library="BuiltIn">
<doc>Stops executing the enclosing for loop if the ``condition`` is true.</doc>
<arguments>
<arg>${No_Of_Remove_buttons} == 0</arg>
</arguments>
<status status="PASS" starttime="20181210 17:51:19.027" endtime="20181210 17:51:19.027"></status>
</kw>
<kw name="Click Button" library="SeleniumLibrary">
<doc>Clicks button identified by ``locator``.</doc>
<arguments>
<arg>(//button[@id='remove'])[${No_Of_Remove_buttons}]</arg>
</arguments>
<msg timestamp="20181210 17:51:19.027" level="INFO">Clicking button '(//button[@id='remove'])[2]'.</msg>
<status status="PASS" starttime="20181210 17:51:19.027" endtime="20181210 17:51:19.176"></status>
</kw>
<status status="PASS" starttime="20181210 17:51:17.021" endtime="20181210 17:51:19.176"></status>
</kw>
<kw name="${i} = 9" type="foritem">
<kw name="Sleep" library="BuiltIn">
<doc>Pauses the test executed for the given time.</doc>
<arguments>
<arg>2s</arg>
</arguments>
<msg timestamp="20181210 17:51:21.190" level="INFO">Slept 2 seconds</msg>
<status status="PASS" starttime="20181210 17:51:19.177" endtime="20181210 17:51:21.190"></status>
</kw>
<kw name="Evaluate" library="BuiltIn">
<doc>Evaluates the given expression in Python and returns the results.</doc>
<arguments>
<arg>${No_Of_Remove_buttons} - 1</arg>
</arguments>
<assign>
<var>${No_Of_Remove_buttons}</var>
</assign>
<msg timestamp="20181210 17:51:21.190" level="INFO">${No_Of_Remove_buttons} = 1</msg>
<status status="PASS" starttime="20181210 17:51:21.190" endtime="20181210 17:51:21.190"></status>
</kw>
<kw name="Exit For Loop If" library="BuiltIn">
<doc>Stops executing the enclosing for loop if the ``condition`` is true.</doc>
<arguments>
<arg>${No_Of_Remove_buttons} == 0</arg>
</arguments>
<status status="PASS" starttime="20181210 17:51:21.190" endtime="20181210 17:51:21.190"></status>
</kw>
<kw name="Click Button" library="SeleniumLibrary">
<doc>Clicks button identified by ``locator``.</doc>
<arguments>
<arg>(//button[@id='remove'])[${No_Of_Remove_buttons}]</arg>
</arguments>
<msg timestamp="20181210 17:51:21.190" level="INFO">Clicking button '(//button[@id='remove'])[1]'.</msg>
<status status="PASS" starttime="20181210 17:51:21.190" endtime="20181210 17:51:21.329"></status>
</kw>
<status status="PASS" starttime="20181210 17:51:19.177" endtime="20181210 17:51:21.329"></status>
</kw>
<kw name="${i} = 10" type="foritem">
<kw name="Sleep" library="BuiltIn">
<doc>Pauses the test executed for the given time.</doc>
<arguments>
<arg>2s</arg>
</arguments>
<msg timestamp="20181210 17:51:23.342" level="INFO">Slept 2 seconds</msg>
<status status="PASS" starttime="20181210 17:51:21.329" endtime="20181210 17:51:23.342"></status>
</kw>
<kw name="Evaluate" library="BuiltIn">
<doc>Evaluates the given expression in Python and returns the results.</doc>
<arguments>
<arg>${No_Of_Remove_buttons} - 1</arg>
</arguments>
<assign>
<var>${No_Of_Remove_buttons}</var>
</assign>
<msg timestamp="20181210 17:51:23.342" level="INFO">${No_Of_Remove_buttons} = 0</msg>
<status status="PASS" starttime="20181210 17:51:23.342" endtime="20181210 17:51:23.342"></status>
</kw>
<kw name="Exit For Loop If" library="BuiltIn">
<doc>Stops executing the enclosing for loop if the ``condition`` is true.</doc>
<arguments>
<arg>${No_Of_Remove_buttons} == 0</arg>
</arguments>
<msg timestamp="20181210 17:51:23.342" level="INFO">Exiting for loop altogether.</msg>
<status status="PASS" starttime="20181210 17:51:23.342" endtime="20181210 17:51:23.342"></status>
</kw>
<status status="PASS" starttime="20181210 17:51:21.329" endtime="20181210 17:51:23.342"></status>
</kw>
<status status="PASS" starttime="20181210 17:50:59.704" endtime="20181210 17:51:23.342"></status>
</kw>
<status status="PASS" starttime="20181210 17:50:59.689" endtime="20181210 17:51:23.342"></status>
</kw>
<status status="PASS" starttime="20181210 17:50:59.689" endtime="20181210 17:51:23.342"></status>
</kw>
<status status="PASS" starttime="20181210 17:50:59.673" endtime="20181210 17:51:23.342"></status>
</kw>
<kw name="Add Driver Score Ranges from spread sheet">
<kw name="Open Excel" library="ExcelRobot">
<doc>Opens the Excel file to read from the path provided in the file path parameter.</doc>
<arguments>
<arg>${excelName}</arg>
</arguments>
<msg timestamp="20181210 17:51:23.342" level="INFO">Opening file at C:\Users\BLR153\Desktop\DSA Automation\DSA-USA-RFW\ScoreCardCnfigurations.xlsx</msg>
<status status="PASS" starttime="20181210 17:51:23.342" endtime="20181210 17:51:23.358"></status>
</kw>
<kw name="Get Sheet Names" library="ExcelRobot">
<doc>Returns the names of all the worksheets in the current workbook.</doc>
<assign>
<var>${NumberOfExcelSheets}</var>
</assign>
<msg timestamp="20181210 17:51:23.358" level="INFO">${NumberOfExcelSheets} = ['Sheet1', 'ScoreCardRangesToBeAdded']</msg>
<status status="PASS" starttime="20181210 17:51:23.358" endtime="20181210 17:51:23.358"></status>
</kw>
<kw name="Get Row Count" library="ExcelRobot">
<doc>Returns the specific number of rows of the sheet name specified.</doc>
<arguments>
<arg>@{NumberOfExcelSheets}[1]</arg>
</arguments>
<assign>
<var>${nRowCount}</var>
</assign>
<msg timestamp="20181210 17:51:23.358" level="INFO">${nRowCount} = 11</msg>
<status status="PASS" starttime="20181210 17:51:23.358" endtime="20181210 17:51:23.358"></status>
</kw>
<kw name="Get Column Count" library="ExcelRobot">
<doc>Returns the specific number of columns of the sheet name specified.</doc>
<arguments>
<arg>@{NumberOfExcelSheets}[1]</arg>
</arguments>
<assign>
<var>${nColCount}</var>
</assign>
<msg timestamp="20181210 17:51:23.358" level="INFO">${nColCount} = 7</msg>
<status status="PASS" starttime="20181210 17:51:23.358" endtime="20181210 17:51:23.358"></status>
</kw>
<kw name="${row} IN RANGE [ 1 | ${nRowCount} ]" type="for">
<kw name="${row} = 1" type="foritem">
<kw name="Reading data from spreadsheet">
<arguments>
<arg>${row}</arg>
</arguments>
<kw name="Open Excel" library="ExcelRobot">
<doc>Opens the Excel file to read from the path provided in the file path parameter.</doc>
<arguments>
<arg>${excelName}</arg>
</arguments>
<msg timestamp="20181210 17:51:23.358" level="INFO">Opening file at C:\Users\BLR153\Desktop\DSA Automation\DSA-USA-RFW\ScoreCardCnfigurations.xlsx</msg>
<status status="PASS" starttime="20181210 17:51:23.358" endtime="20181210 17:51:23.373"></status>
</kw>
<kw name="Get Sheet Names" library="ExcelRobot">
<doc>Returns the names of all the worksheets in the current workbook.</doc>
<assign>
<var>${NumberOfExcelSheets}</var>
</assign>
<msg timestamp="20181210 17:51:23.373" level="INFO">${NumberOfExcelSheets} = ['Sheet1', 'ScoreCardRangesToBeAdded']</msg>
<status status="PASS" starttime="20181210 17:51:23.373" endtime="20181210 17:51:23.373"></status>
</kw>
<kw name="Get Column Count" library="ExcelRobot">
<doc>Returns the specific number of columns of the sheet name specified.</doc>
<arguments>
<arg>@{NumberOfExcelSheets}[1]</arg>
</arguments>
<assign>
<var>${nColCount}</var>
</assign>
<msg timestamp="20181210 17:51:23.373" level="INFO">${nColCount} = 7</msg>
<status status="PASS" starttime="20181210 17:51:23.373" endtime="20181210 17:51:23.373"></status>
</kw>
<kw name="${col} IN RANGE [ 0 | 1 ]" type="for">
<kw name="${col} = 0" type="foritem">
<kw name="Read Cell Data" library="ExcelRobot">
<doc>Uses the column and row to return the data from that cell.</doc>
<arguments>
<arg>@{NumberOfExcelSheets}[1]</arg>
<arg>${col}</arg>
<arg>${row}</arg>
</arguments>
<assign>
<var>${CelData}</var>
</assign>
<msg timestamp="20181210 17:51:23.373" level="INFO">${CelData} = 1.00</msg>
<status status="PASS" starttime="20181210 17:51:23.373" endtime="20181210 17:51:23.373"></status>
</kw>
<kw name="Set Suite Variable" library="BuiltIn">
<doc>Makes a variable available everywhere within the scope of the current suite.</doc>
<arguments>
<arg>${MinScoreInput}</arg>
<arg>${CelData}</arg>
</arguments>
<msg timestamp="20181210 17:51:23.373" level="INFO">${MinScoreInput} = 1.00</msg>
<status status="PASS" starttime="20181210 17:51:23.373" endtime="20181210 17:51:23.373"></status>
</kw>
<kw name="Evaluate" library="BuiltIn">
<doc>Evaluates the given expression in Python and returns the results.</doc>
<arguments>
<arg>${col}+1</arg>
</arguments>
<assign>
<var>${col1}</var>
</assign>
<msg timestamp="20181210 17:51:23.373" level="INFO">${col1} = 1</msg>
<status status="PASS" starttime="20181210 17:51:23.373" endtime="20181210 17:51:23.373"></status>
</kw>
<kw name="Read Cell Data" library="ExcelRobot">
<doc>Uses the column and row to return the data from that cell.</doc>
<arguments>
<arg>@{NumberOfExcelSheets}[1]</arg>
<arg>${col1}</arg>
<arg>${row}</arg>
</arguments>
<assign>
<var>${CelData2}</var>
</assign>
<msg timestamp="20181210 17:51:23.373" level="INFO">${CelData2} = 100.00</msg>
<status status="PASS" starttime="20181210 17:51:23.373" endtime="20181210 17:51:23.373"></status>
</kw>
<kw name="Set Suite Variable" library="BuiltIn">
<doc>Makes a variable available everywhere within the scope of the current suite.</doc>
<arguments>
<arg>${IncentiveAmount}</arg>
<arg>${CelData2}</arg>
</arguments>
<msg timestamp="20181210 17:51:23.373" level="INFO">${IncentiveAmount} = 100.00</msg>
<status status="PASS" starttime="20181210 17:51:23.373" endtime="20181210 17:51:23.373"></status>
</kw>
<status status="PASS" starttime="20181210 17:51:23.373" endtime="20181210 17:51:23.373"></status>
</kw>
<status status="PASS" starttime="20181210 17:51:23.373" endtime="20181210 17:51:23.373"></status>
</kw>
<status status="PASS" starttime="20181210 17:51:23.358" endtime="20181210 17:51:23.373"></status>
</kw>
<kw name="Sleep" library="BuiltIn">
<doc>Pauses the test executed for the given time.</doc>
<arguments>
<arg>2 s</arg>
</arguments>
<msg timestamp="20181210 17:51:25.382" level="INFO">Slept 2 seconds</msg>
<status status="PASS" starttime="20181210 17:51:23.373" endtime="20181210 17:51:25.382"></status>
</kw>
<kw name="Click Button" library="SeleniumLibrary">
<doc>Clicks button identified by ``locator``.</doc>
<arguments>
<arg>//button[@id='add']</arg>
</arguments>
<msg timestamp="20181210 17:51:25.382" level="INFO">Clicking button '//button[@id='add']'.</msg>
<status status="PASS" starttime="20181210 17:51:25.382" endtime="20181210 17:51:25.547"></status>
</kw>
<kw name="Sleep" library="BuiltIn">
<doc>Pauses the test executed for the given time.</doc>
<arguments>
<arg>2s</arg>
</arguments>
<msg timestamp="20181210 17:51:27.553" level="INFO">Slept 2 seconds</msg>
<status status="PASS" starttime="20181210 17:51:25.547" endtime="20181210 17:51:27.553"></status>
</kw>
<kw name="Page Should Contain Textfield" library="SeleniumLibrary">
<doc>Verifies text field ``locator`` is found from current page.</doc>
<arguments>
<arg>//input[@data-ng-model='range.minimumScoreNbrInput']</arg>
</arguments>
<msg timestamp="20181210 17:51:27.615" level="INFO">Current page contains text field '//input[@data-ng-model='range.minimumScoreNbrInput']'.</msg>
<status status="PASS" starttime="20181210 17:51:27.553" endtime="20181210 17:51:27.615"></status>
</kw>
<kw name="Element Should Be Disabled" library="SeleniumLibrary">
<doc>Verifies that element identified with ``locator`` is disabled.</doc>
<arguments>
<arg>//button[@id='save']</arg>
</arguments>
<status status="PASS" starttime="20181210 17:51:27.615" endtime="20181210 17:51:27.631"></status>
</kw>
<kw name="Element Should Be Enabled" library="SeleniumLibrary">
<doc>Verifies that element identified with ``locator`` is enabled.</doc>
<arguments>
<arg>//button[@id='cancel']</arg>
</arguments>
<status status="PASS" starttime="20181210 17:51:27.631" endtime="20181210 17:51:27.662"></status>
</kw>
<kw name="Input Text" library="SeleniumLibrary">
<doc>Types the given ``text`` into text field identified by ``locator``.</doc>
<arguments>
<arg>//input[@data-ng-model='range.minimumScoreNbrInput']</arg>
<arg>${MinScoreInput}</arg>
</arguments>
<msg timestamp="20181210 17:51:27.662" level="INFO">Typing text '1.00' into text field '//input[@data-ng-model='range.minimumScoreNbrInput']'.</msg>
<status status="PASS" starttime="20181210 17:51:27.662" endtime="20181210 17:51:27.854"></status>
</kw>
<kw name="Sleep" library="BuiltIn">
<doc>Pauses the test executed for the given time.</doc>
<arguments>
<arg>1s</arg>
</arguments>
<msg timestamp="20181210 17:51:28.855" level="INFO">Slept 1 second</msg>
<status status="PASS" starttime="20181210 17:51:27.855" endtime="20181210 17:51:28.855"></status>
</kw>
<kw name="Input Text" library="SeleniumLibrary">
<doc>Types the given ``text`` into text field identified by ``locator``.</doc>
<arguments>
<arg>//input[@name='amountInput']</arg>
<arg>${IncentiveAmount}</arg>
</arguments>
<msg timestamp="20181210 17:51:28.857" level="INFO">Typing text '100.00' into text field '//input[@name='amountInput']'.</msg>
<status status="PASS" starttime="20181210 17:51:28.856" endtime="20181210 17:51:29.223"></status>
</kw>
<kw name="Sleep" library="BuiltIn">
<doc>Pauses the test executed for the given time.</doc>
<arguments>
<arg>2s</arg>
</arguments>
<msg timestamp="20181210 17:51:31.230" level="INFO">Slept 2 seconds</msg>
<status status="PASS" starttime="20181210 17:51:29.223" endtime="20181210 17:51:31.230"></status>
</kw>
<kw name="Element Should Be Enabled" library="SeleniumLibrary">
<doc>Verifies that element identified with ``locator`` is enabled.</doc>
<arguments>
<arg>//button[@id='save']</arg>
</arguments>
<status status="PASS" starttime="20181210 17:51:31.230" endtime="20181210 17:51:31.298"></status>
</kw>
<kw name="Click Element" library="SeleniumLibrary">
<doc>Click element identified by ``locator``.</doc>
<arguments>
<arg>//button[@id='save']</arg>
</arguments>
<msg timestamp="20181210 17:51:31.299" level="INFO">Clicking element '//button[@id='save']'.</msg>
<status status="PASS" starttime="20181210 17:51:31.298" endtime="20181210 17:51:31.422"></status>
</kw>
<kw name="Sleep" library="BuiltIn">
<doc>Pauses the test executed for the given time.</doc>
<arguments>
<arg>3s</arg>
</arguments>
<msg timestamp="20181210 17:51:34.423" level="INFO">Slept 3 seconds</msg>
<status status="PASS" starttime="20181210 17:51:31.422" endtime="20181210 17:51:34.423"></status>
</kw>
<status status="PASS" starttime="20181210 17:51:23.358" endtime="20181210 17:51:34.423"></status>
</kw>
<kw name="${row} = 2" type="foritem">
<kw name="Reading data from spreadsheet">
<arguments>
<arg>${row}</arg>
</arguments>
<kw name="Open Excel" library="ExcelRobot">
<doc>Opens the Excel file to read from the path provided in the file path parameter.</doc>
<arguments>
<arg>${excelName}</arg>
</arguments>
<msg timestamp="20181210 17:51:34.423" level="INFO">Opening file at C:\Users\BLR153\Desktop\DSA Automation\DSA-USA-RFW\ScoreCardCnfigurations.xlsx</msg>
<status status="PASS" starttime="20181210 17:51:34.423" endtime="20181210 17:51:34.423"></status>
</kw>
<kw name="Get Sheet Names" library="ExcelRobot">
<doc>Returns the names of all the worksheets in the current workbook.</doc>
<assign>
<var>${NumberOfExcelSheets}</var>
</assign>
<msg timestamp="20181210 17:51:34.423" level="INFO">${NumberOfExcelSheets} = ['Sheet1', 'ScoreCardRangesToBeAdded']</msg>
<status status="PASS" starttime="20181210 17:51:34.423" endtime="20181210 17:51:34.423"></status>
</kw>
<kw name="Get Column Count" library="ExcelRobot">
<doc>Returns the specific number of columns of the sheet name specified.</doc>
<arguments>
<arg>@{NumberOfExcelSheets}[1]</arg>
</arguments>
<assign>
<var>${nColCount}</var>
</assign>
<msg timestamp="20181210 17:51:34.423" level="INFO">${nColCount} = 7</msg>
<status status="PASS" starttime="20181210 17:51:34.423" endtime="20181210 17:51:34.423"></status>
</kw>
<kw name="${col} IN RANGE [ 0 | 1 ]" type="for">
<kw name="${col} = 0" type="foritem">
<kw name="Read Cell Data" library="ExcelRobot">
<doc>Uses the column and row to return the data from that cell.</doc>
<arguments>
<arg>@{NumberOfExcelSheets}[1]</arg>
<arg>${col}</arg>
<arg>${row}</arg>
</arguments>
<assign>
<var>${CelData}</var>
</assign>
<msg timestamp="20181210 17:51:34.438" level="INFO">${CelData} = 10.00</msg>
<status status="PASS" starttime="20181210 17:51:34.438" endtime="20181210 17:51:34.438"></status>
</kw>
<kw name="Set Suite Variable" library="BuiltIn">
<doc>Makes a variable available everywhere within the scope of the current suite.</doc>
<arguments>
<arg>${MinScoreInput}</arg>
<arg>${CelData}</arg>
</arguments>
<msg timestamp="20181210 17:51:34.438" level="INFO">${MinScoreInput} = 10.00</msg>
<status status="PASS" starttime="20181210 17:51:34.438" endtime="20181210 17:51:34.438"></status>
</kw>
<kw name="Evaluate" library="BuiltIn">
<doc>Evaluates the given expression in Python and returns the results.</doc>
<arguments>
<arg>${col}+1</arg>
</arguments>
<assign>
<var>${col1}</var>
</assign>
<msg timestamp="20181210 17:51:34.438" level="INFO">${col1} = 1</msg>
<status status="PASS" starttime="20181210 17:51:34.438" endtime="20181210 17:51:34.438"></status>
</kw>
<kw name="Read Cell Data" library="ExcelRobot">
<doc>Uses the column and row to return the data from that cell.</doc>
<arguments>
<arg>@{NumberOfExcelSheets}[1]</arg>
<arg>${col1}</arg>
<arg>${row}</arg>
</arguments>
<assign>
<var>${CelData2}</var>
</assign>
<msg timestamp="20181210 17:51:34.438" level="INFO">${CelData2} = 101.00</msg>
<status status="PASS" starttime="20181210 17:51:34.438" endtime="20181210 17:51:34.438"></status>
</kw>
<kw name="Set Suite Variable" library="BuiltIn">
<doc>Makes a variable available everywhere within the scope of the current suite.</doc>
<arguments>
<arg>${IncentiveAmount}</arg>
<arg>${CelData2}</arg>
</arguments>
<msg timestamp="20181210 17:51:34.438" level="INFO">${IncentiveAmount} = 101.00</msg>
<status status="PASS" starttime="20181210 17:51:34.438" endtime="20181210 17:51:34.438"></status>
</kw>
<status status="PASS" starttime="20181210 17:51:34.438" endtime="20181210 17:51:34.438"></status>
</kw>
<status status="PASS" starttime="20181210 17:51:34.423" endtime="20181210 17:51:34.438"></status>
</kw>
<status status="PASS" starttime="20181210 17:51:34.423" endtime="20181210 17:51:34.438"></status>
</kw>
<kw name="Sleep" library="BuiltIn">
<doc>Pauses the test executed for the given time.</doc>
<arguments>
<arg>2 s</arg>
</arguments>
<msg timestamp="20181210 17:51:36.444" level="INFO">Slept 2 seconds</msg>
<status status="PASS" starttime="20181210 17:51:34.438" endtime="20181210 17:51:36.444"></status>
</kw>
<kw name="Click Button" library="SeleniumLibrary">
<doc>Clicks button identified by ``locator``.</doc>
<arguments>
<arg>//button[@id='add']</arg>
</arguments>
<msg timestamp="20181210 17:51:36.444" level="INFO">Clicking button '//button[@id='add']'.</msg>
<status status="PASS" starttime="20181210 17:51:36.444" endtime="20181210 17:51:36.595"></status>
</kw>
<kw name="Sleep" library="BuiltIn">
<doc>Pauses the test executed for the given time.</doc>
<arguments>
<arg>2s</arg>
</arguments>
<msg timestamp="20181210 17:51:38.596" level="INFO">Slept 2 seconds</msg>
<status status="PASS" starttime="20181210 17:51:36.596" endtime="20181210 17:51:38.596"></status>
</kw>
<kw name="Page Should Contain Textfield" library="SeleniumLibrary">
<doc>Verifies text field ``locator`` is found from current page.</doc>
<arguments>
<arg>//input[@data-ng-model='range.minimumScoreNbrInput']</arg>
</arguments>
<msg timestamp="20181210 17:51:38.645" level="INFO">Current page contains text field '//input[@data-ng-model='range.minimumScoreNbrInput']'.</msg>
<status status="PASS" starttime="20181210 17:51:38.597" endtime="20181210 17:51:38.645"></status>
</kw>
<kw name="Element Should Be Disabled" library="SeleniumLibrary">
<doc>Verifies that element identified with ``locator`` is disabled.</doc>
<arguments>
<arg>//button[@id='save']</arg>
</arguments>
<status status="PASS" starttime="20181210 17:51:38.645" endtime="20181210 17:51:38.676"></status>
</kw>
<kw name="Element Should Be Enabled" library="SeleniumLibrary">
<doc>Verifies that element identified with ``locator`` is enabled.</doc>
<arguments>
<arg>//button[@id='cancel']</arg>
</arguments>
<status status="PASS" starttime="20181210 17:51:38.676" endtime="20181210 17:51:38.707"></status>
</kw>
<kw name="Input Text" library="SeleniumLibrary">
<doc>Types the given ``text`` into text field identified by ``locator``.</doc>
<arguments>
<arg>//input[@data-ng-model='range.minimumScoreNbrInput']</arg>
<arg>${MinScoreInput}</arg>
</arguments>
<msg timestamp="20181210 17:51:38.707" level="INFO">Typing text '10.00' into text field '//input[@data-ng-model='range.minimumScoreNbrInput']'.</msg>
<status status="PASS" starttime="20181210 17:51:38.707" endtime="20181210 17:51:38.917"></status>
</kw>
<kw name="Sleep" library="BuiltIn">
<doc>Pauses the test executed for the given time.</doc>
<arguments>
<arg>1s</arg>
</arguments>
<msg timestamp="20181210 17:51:39.928" level="INFO">Slept 1 second</msg>
<status status="PASS" starttime="20181210 17:51:38.918" endtime="20181210 17:51:39.928"></status>
</kw>
<kw name="Input Text" library="SeleniumLibrary">
<doc>Types the given ``text`` into text field identified by ``locator``.</doc>
<arguments>
<arg>//input[@name='amountInput']</arg>
<arg>${IncentiveAmount}</arg>
</arguments>
<msg timestamp="20181210 17:51:39.928" level="INFO">Typing text '101.00' into text field '//input[@name='amountInput']'.</msg>
<status status="PASS" starttime="20181210 17:51:39.928" endtime="20181210 17:51:40.208"></status>
</kw>
<kw name="Sleep" library="BuiltIn">
<doc>Pauses the test executed for the given time.</doc>
<arguments>
<arg>2s</arg>
</arguments>
<msg timestamp="20181210 17:51:42.214" level="INFO">Slept 2 seconds</msg>
<status status="PASS" starttime="20181210 17:51:40.208" endtime="20181210 17:51:42.214"></status>
</kw>
<kw name="Element Should Be Enabled" library="SeleniumLibrary">
<doc>Verifies that element identified with ``locator`` is enabled.</doc>
<arguments>
<arg>//button[@id='save']</arg>
</arguments>
<status status="PASS" starttime="20181210 17:51:42.214" endtime="20181210 17:51:42.261"></status>
</kw>
<kw name="Click Element" library="SeleniumLibrary">
<doc>Click element identified by ``locator``.</doc>
<arguments>
<arg>//button[@id='save']</arg>
</arguments>
<msg timestamp="20181210 17:51:42.261" level="INFO">Clicking element '//button[@id='save']'.</msg>
<status status="PASS" starttime="20181210 17:51:42.261" endtime="20181210 17:51:42.385"></status>
</kw>
<kw name="Sleep" library="BuiltIn">
<doc>Pauses the test executed for the given time.</doc>
<arguments>
<arg>3s</arg>
</arguments>
<msg timestamp="20181210 17:51:45.386" level="INFO">Slept 3 seconds</msg>
<status status="PASS" starttime="20181210 17:51:42.385" endtime="20181210 17:51:45.386"></status>
</kw>
<status status="PASS" starttime="20181210 17:51:34.423" endtime="20181210 17:51:45.386"></status>
</kw>
<kw name="${row} = 3" type="foritem">
<kw name="Reading data from spreadsheet">
<arguments>
<arg>${row}</arg>
</arguments>
<kw name="Open Excel" library="ExcelRobot">
<doc>Opens the Excel file to read from the path provided in the file path parameter.</doc>
<arguments>
<arg>${excelName}</arg>
</arguments>
<msg timestamp="20181210 17:51:45.386" level="INFO">Opening file at C:\Users\BLR153\Desktop\DSA Automation\DSA-USA-RFW\ScoreCardCnfigurations.xlsx</msg>
<status status="PASS" starttime="20181210 17:51:45.386" endtime="20181210 17:51:45.386"></status>
</kw>
<kw name="Get Sheet Names" library="ExcelRobot">
<doc>Returns the names of all the worksheets in the current workbook.</doc>
<assign>
<var>${NumberOfExcelSheets}</var>
</assign>
<msg timestamp="20181210 17:51:45.386" level="INFO">${NumberOfExcelSheets} = ['Sheet1', 'ScoreCardRangesToBeAdded']</msg>
<status status="PASS" starttime="20181210 17:51:45.386" endtime="20181210 17:51:45.386"></status>
</kw>
<kw name="Get Column Count" library="ExcelRobot">
<doc>Returns the specific number of columns of the sheet name specified.</doc>
<arguments>
<arg>@{NumberOfExcelSheets}[1]</arg>
</arguments>
<assign>
<var>${nColCount}</var>
</assign>
<msg timestamp="20181210 17:51:45.402" level="INFO">${nColCount} = 7</msg>
<status status="PASS" starttime="20181210 17:51:45.386" endtime="20181210 17:51:45.402"></status>
</kw>
<kw name="${col} IN RANGE [ 0 | 1 ]" type="for">
<kw name="${col} = 0" type="foritem">
<kw name="Read Cell Data" library="ExcelRobot">
<doc>Uses the column and row to return the data from that cell.</doc>
<arguments>
<arg>@{NumberOfExcelSheets}[1]</arg>
<arg>${col}</arg>
<arg>${row}</arg>
</arguments>
<assign>
<var>${CelData}</var>
</assign>
<msg timestamp="20181210 17:51:45.402" level="INFO">${CelData} = 20.00</msg>
<status status="PASS" starttime="20181210 17:51:45.402" endtime="20181210 17:51:45.402"></status>
</kw>
<kw name="Set Suite Variable" library="BuiltIn">
<doc>Makes a variable available everywhere within the scope of the current suite.</doc>
<arguments>
<arg>${MinScoreInput}</arg>
<arg>${CelData}</arg>
</arguments>
<msg timestamp="20181210 17:51:45.402" level="INFO">${MinScoreInput} = 20.00</msg>
<status status="PASS" starttime="20181210 17:51:45.402" endtime="20181210 17:51:45.402"></status>
</kw>
<kw name="Evaluate" library="BuiltIn">
<doc>Evaluates the given expression in Python and returns the results.</doc>
<arguments>
<arg>${col}+1</arg>
</arguments>
<assign>
<var>${col1}</var>
</assign>
<msg timestamp="20181210 17:51:45.402" level="INFO">${col1} = 1</msg>
<status status="PASS" starttime="20181210 17:51:45.402" endtime="20181210 17:51:45.402"></status>
</kw>
<kw name="Read Cell Data" library="ExcelRobot">
<doc>Uses the column and row to return the data from that cell.</doc>
<arguments>
<arg>@{NumberOfExcelSheets}[1]</arg>
<arg>${col1}</arg>
<arg>${row}</arg>
</arguments>
<assign>
<var>${CelData2}</var>
</assign>
<msg timestamp="20181210 17:51:45.402" level="INFO">${CelData2} = 102.00</msg>
<status status="PASS" starttime="20181210 17:51:45.402" endtime="20181210 17:51:45.402"></status>
</kw>
<kw name="Set Suite Variable" library="BuiltIn">
<doc>Makes a variable available everywhere within the scope of the current suite.</doc>
<arguments>
<arg>${IncentiveAmount}</arg>
<arg>${CelData2}</arg>
</arguments>
<msg timestamp="20181210 17:51:45.402" level="INFO">${IncentiveAmount} = 102.00</msg>
<status status="PASS" starttime="20181210 17:51:45.402" endtime="20181210 17:51:45.402"></status>
</kw>
<status status="PASS" starttime="20181210 17:51:45.402" endtime="20181210 17:51:45.402"></status>
</kw>
<status status="PASS" starttime="20181210 17:51:45.402" endtime="20181210 17:51:45.402"></status>
</kw>
<status status="PASS" starttime="20181210 17:51:45.386" endtime="20181210 17:51:45.402"></status>
</kw>
<kw name="Sleep" library="BuiltIn">
<doc>Pauses the test executed for the given time.</doc>
<arguments>
<arg>2 s</arg>
</arguments>
<msg timestamp="20181210 17:51:47.405" level="INFO">Slept 2 seconds</msg>
<status status="PASS" starttime="20181210 17:51:45.402" endtime="20181210 17:51:47.405"></status>
</kw>
<kw name="Click Button" library="SeleniumLibrary">
<doc>Clicks button identified by ``locator``.</doc>
<arguments>
<arg>//button[@id='add']</arg>
</arguments>
<msg timestamp="20181210 17:51:47.405" level="INFO">Clicking button '//button[@id='add']'.</msg>
<status status="PASS" starttime="20181210 17:51:47.405" endtime="20181210 17:51:47.521"></status>
</kw>
<kw name="Sleep" library="BuiltIn">
<doc>Pauses the test executed for the given time.</doc>
<arguments>
<arg>2s</arg>
</arguments>
<msg timestamp="20181210 17:51:49.525" level="INFO">Slept 2 seconds</msg>
<status status="PASS" starttime="20181210 17:51:47.521" endtime="20181210 17:51:49.525"></status>
</kw>
<kw name="Page Should Contain Textfield" library="SeleniumLibrary">
<doc>Verifies text field ``locator`` is found from current page.</doc>
<arguments>
<arg>//input[@data-ng-model='range.minimumScoreNbrInput']</arg>
</arguments>
<msg timestamp="20181210 17:51:49.556" level="INFO">Current page contains text field '//input[@data-ng-model='range.minimumScoreNbrInput']'.</msg>
<status status="PASS" starttime="20181210 17:51:49.525" endtime="20181210 17:51:49.556"></status>
</kw>
<kw name="Element Should Be Disabled" library="SeleniumLibrary">
<doc>Verifies that element identified with ``locator`` is disabled.</doc>
<arguments>
<arg>//button[@id='save']</arg>
</arguments>
<status status="PASS" starttime="20181210 17:51:49.556" endtime="20181210 17:51:49.588"></status>
</kw>
<kw name="Element Should Be Enabled" library="SeleniumLibrary">
<doc>Verifies that element identified with ``locator`` is enabled.</doc>
<arguments>
<arg>//button[@id='cancel']</arg>
</arguments>
<status status="PASS" starttime="20181210 17:51:49.588" endtime="20181210 17:51:49.619"></status>
</kw>
<kw name="Input Text" library="SeleniumLibrary">
<doc>Types the given ``text`` into text field identified by ``locator``.</doc>
<arguments>
<arg>//input[@data-ng-model='range.minimumScoreNbrInput']</arg>
<arg>${MinScoreInput}</arg>
</arguments>
<msg timestamp="20181210 17:51:49.619" level="INFO">Typing text '20.00' into text field '//input[@data-ng-model='range.minimumScoreNbrInput']'.</msg>
<status status="PASS" starttime="20181210 17:51:49.619" endtime="20181210 17:51:49.866"></status>
</kw>
<kw name="Sleep" library="BuiltIn">
<doc>Pauses the test executed for the given time.</doc>
<arguments>
<arg>1s</arg>
</arguments>
<msg timestamp="20181210 17:51:50.882" level="INFO">Slept 1 second</msg>
<status status="PASS" starttime="20181210 17:51:49.867" endtime="20181210 17:51:50.882"></status>
</kw>
<kw name="Input Text" library="SeleniumLibrary">
<doc>Types the given ``text`` into text field identified by ``locator``.</doc>
<arguments>
<arg>//input[@name='amountInput']</arg>
<arg>${IncentiveAmount}</arg>
</arguments>
<msg timestamp="20181210 17:51:50.882" level="INFO">Typing text '102.00' into text field '//input[@name='amountInput']'.</msg>
<status status="PASS" starttime="20181210 17:51:50.882" endtime="20181210 17:51:51.126"></status>
</kw>
<kw name="Sleep" library="BuiltIn">
<doc>Pauses the test executed for the given time.</doc>
<arguments>
<arg>2s</arg>
</arguments>
<msg timestamp="20181210 17:51:53.133" level="INFO">Slept 2 seconds</msg>
<status status="PASS" starttime="20181210 17:51:51.126" endtime="20181210 17:51:53.133"></status>
</kw>
<kw name="Element Should Be Enabled" library="SeleniumLibrary">
<doc>Verifies that element identified with ``locator`` is enabled.</doc>
<arguments>
<arg>//button[@id='save']</arg>
</arguments>
<status status="PASS" starttime="20181210 17:51:53.133" endtime="20181210 17:51:53.180"></status>
</kw>
<kw name="Click Element" library="SeleniumLibrary">
<doc>Click element identified by ``locator``.</doc>
<arguments>
<arg>//button[@id='save']</arg>
</arguments>
<msg timestamp="20181210 17:51:53.180" level="INFO">Clicking element '//button[@id='save']'.</msg>
<status status="PASS" starttime="20181210 17:51:53.180" endtime="20181210 17:51:53.312"></status>
</kw>
<kw name="Sleep" library="BuiltIn">
<doc>Pauses the test executed for the given time.</doc>
<arguments>
<arg>3s</arg>
</arguments>
<msg timestamp="20181210 17:51:56.323" level="INFO">Slept 3 seconds</msg>
<status status="PASS" starttime="20181210 17:51:53.312" endtime="20181210 17:51:56.323"></status>
</kw>
<status status="PASS" starttime="20181210 17:51:45.386" endtime="20181210 17:51:56.323"></status>
</kw>
<kw name="${row} = 4" type="foritem">
<kw name="Reading data from spreadsheet">
<arguments>
<arg>${row}</arg>
</arguments>
<kw name="Open Excel" library="ExcelRobot">
<doc>Opens the Excel file to read from the path provided in the file path parameter.</doc>
<arguments>
<arg>${excelName}</arg>
</arguments>
<msg timestamp="20181210 17:51:56.323" level="INFO">Opening file at C:\Users\BLR153\Desktop\DSA Automation\DSA-USA-RFW\ScoreCardCnfigurations.xlsx</msg>
<status status="PASS" starttime="20181210 17:51:56.323" endtime="20181210 17:51:56.338"></status>
</kw>
<kw name="Get Sheet Names" library="ExcelRobot">
<doc>Returns the names of all the worksheets in the current workbook.</doc>
<assign>
<var>${NumberOfExcelSheets}</var>
</assign>
<msg timestamp="20181210 17:51:56.338" level="INFO">${NumberOfExcelSheets} = ['Sheet1', 'ScoreCardRangesToBeAdded']</msg>
<status status="PASS" starttime="20181210 17:51:56.338" endtime="20181210 17:51:56.338"></status>
</kw>
<kw name="Get Column Count" library="ExcelRobot">
<doc>Returns the specific number of columns of the sheet name specified.</doc>
<arguments>
<arg>@{NumberOfExcelSheets}[1]</arg>
</arguments>
<assign>
<var>${nColCount}</var>
</assign>
<msg timestamp="20181210 17:51:56.338" level="INFO">${nColCount} = 7</msg>
<status status="PASS" starttime="20181210 17:51:56.338" endtime="20181210 17:51:56.338"></status>
</kw>
<kw name="${col} IN RANGE [ 0 | 1 ]" type="for">
<kw name="${col} = 0" type="foritem">
<kw name="Read Cell Data" library="ExcelRobot">
<doc>Uses the column and row to return the data from that cell.</doc>
<arguments>
<arg>@{NumberOfExcelSheets}[1]</arg>
<arg>${col}</arg>
<arg>${row}</arg>
</arguments>
<assign>
<var>${CelData}</var>
</assign>
<msg timestamp="20181210 17:51:56.338" level="INFO">${CelData} = 30.00</msg>
<status status="PASS" starttime="20181210 17:51:56.338" endtime="20181210 17:51:56.338"></status>
</kw>
<kw name="Set Suite Variable" library="BuiltIn">
<doc>Makes a variable available everywhere within the scope of the current suite.</doc>
<arguments>
<arg>${MinScoreInput}</arg>
<arg>${CelData}</arg>
</arguments>
<msg timestamp="20181210 17:51:56.338" level="INFO">${MinScoreInput} = 30.00</msg>
<status status="PASS" starttime="20181210 17:51:56.338" endtime="20181210 17:51:56.338"></status>
</kw>
<kw name="Evaluate" library="BuiltIn">
<doc>Evaluates the given expression in Python and returns the results.</doc>
<arguments>
<arg>${col}+1</arg>
</arguments>
<assign>
<var>${col1}</var>
</assign>
<msg timestamp="20181210 17:51:56.338" level="INFO">${col1} = 1</msg>
<status status="PASS" starttime="20181210 17:51:56.338" endtime="20181210 17:51:56.338"></status>
</kw>
<kw name="Read Cell Data" library="ExcelRobot">
<doc>Uses the column and row to return the data from that cell.</doc>
<arguments>
<arg>@{NumberOfExcelSheets}[1]</arg>
<arg>${col1}</arg>
<arg>${row}</arg>
</arguments>
<assign>
<var>${CelData2}</var>
</assign>
<msg timestamp="20181210 17:51:56.338" level="INFO">${CelData2} = 103.00</msg>
<status status="PASS" starttime="20181210 17:51:56.338" endtime="20181210 17:51:56.338"></status>
</kw>
<kw name="Set Suite Variable" library="BuiltIn">
<doc>Makes a variable available everywhere within the scope of the current suite.</doc>
<arguments>
<arg>${IncentiveAmount}</arg>
<arg>${CelData2}</arg>
</arguments>
<msg timestamp="20181210 17:51:56.354" level="INFO">${IncentiveAmount} = 103.00</msg>
<status status="PASS" starttime="20181210 17:51:56.338" endtime="20181210 17:51:56.354"></status>
</kw>
<status status="PASS" starttime="20181210 17:51:56.338" endtime="20181210 17:51:56.354"></status>
</kw>
<status status="PASS" starttime="20181210 17:51:56.338" endtime="20181210 17:51:56.354"></status>
</kw>
<status status="PASS" starttime="20181210 17:51:56.323" endtime="20181210 17:51:56.354"></status>
</kw>
<kw name="Sleep" library="BuiltIn">
<doc>Pauses the test executed for the given time.</doc>
<arguments>
<arg>2 s</arg>
</arguments>
<msg timestamp="20181210 17:51:58.366" level="INFO">Slept 2 seconds</msg>
<status status="PASS" starttime="20181210 17:51:56.354" endtime="20181210 17:51:58.366"></status>
</kw>
<kw name="Click Button" library="SeleniumLibrary">
<doc>Clicks button identified by ``locator``.</doc>
<arguments>
<arg>//button[@id='add']</arg>
</arguments>
<msg timestamp="20181210 17:51:58.366" level="INFO">Clicking button '//button[@id='add']'.</msg>
<status status="PASS" starttime="20181210 17:51:58.366" endtime="20181210 17:51:58.508"></status>
</kw>
<kw name="Sleep" library="BuiltIn">
<doc>Pauses the test executed for the given time.</doc>
<arguments>
<arg>2s</arg>
</arguments>
<msg timestamp="20181210 17:52:00.525" level="INFO">Slept 2 seconds</msg>
<status status="PASS" starttime="20181210 17:51:58.509" endtime="20181210 17:52:00.525"></status>
</kw>
<kw name="Page Should Contain Textfield" library="SeleniumLibrary">
<doc>Verifies text field ``locator`` is found from current page.</doc>
<arguments>
<arg>//input[@data-ng-model='range.minimumScoreNbrInput']</arg>
</arguments>
<msg timestamp="20181210 17:52:00.566" level="INFO">Current page contains text field '//input[@data-ng-model='range.minimumScoreNbrInput']'.</msg>
<status status="PASS" starttime="20181210 17:52:00.525" endtime="20181210 17:52:00.566"></status>
</kw>
<kw name="Element Should Be Disabled" library="SeleniumLibrary">
<doc>Verifies that element identified with ``locator`` is disabled.</doc>
<arguments>
<arg>//button[@id='save']</arg>
</arguments>
<status status="PASS" starttime="20181210 17:52:00.566" endtime="20181210 17:52:00.582"></status>
</kw>
<kw name="Element Should Be Enabled" library="SeleniumLibrary">
<doc>Verifies that element identified with ``locator`` is enabled.</doc>
<arguments>
<arg>//button[@id='cancel']</arg>
</arguments>
<status status="PASS" starttime="20181210 17:52:00.582" endtime="20181210 17:52:00.629"></status>
</kw>
<kw name="Input Text" library="SeleniumLibrary">
<doc>Types the given ``text`` into text field identified by ``locator``.</doc>
<arguments>
<arg>//input[@data-ng-model='range.minimumScoreNbrInput']</arg>
<arg>${MinScoreInput}</arg>
</arguments>
<msg timestamp="20181210 17:52:00.629" level="INFO">Typing text '30.00' into text field '//input[@data-ng-model='range.minimumScoreNbrInput']'.</msg>
<status status="PASS" starttime="20181210 17:52:00.629" endtime="20181210 17:52:00.845"></status>
</kw>
<kw name="Sleep" library="BuiltIn">
<doc>Pauses the test executed for the given time.</doc>
<arguments>
<arg>1s</arg>
</arguments>
<msg timestamp="20181210 17:52:01.848" level="INFO">Slept 1 second</msg>
<status status="PASS" starttime="20181210 17:52:00.845" endtime="20181210 17:52:01.848"></status>
</kw>
<kw name="Input Text" library="SeleniumLibrary">
<doc>Types the given ``text`` into text field identified by ``locator``.</doc>
<arguments>
<arg>//input[@name='amountInput']</arg>
<arg>${IncentiveAmount}</arg>
</arguments>
<msg timestamp="20181210 17:52:01.850" level="INFO">Typing text '103.00' into text field '//input[@name='amountInput']'.</msg>
<status status="PASS" starttime="20181210 17:52:01.849" endtime="20181210 17:52:02.130"></status>
</kw>
<kw name="Sleep" library="BuiltIn">
<doc>Pauses the test executed for the given time.</doc>
<arguments>
<arg>2s</arg>
</arguments>
<msg timestamp="20181210 17:52:04.142" level="INFO">Slept 2 seconds</msg>
<status status="PASS" starttime="20181210 17:52:02.130" endtime="20181210 17:52:04.142"></status>
</kw>
<kw name="Element Should Be Enabled" library="SeleniumLibrary">
<doc>Verifies that element identified with ``locator`` is enabled.</doc>
<arguments>
<arg>//button[@id='save']</arg>
</arguments>
<status status="PASS" starttime="20181210 17:52:04.142" endtime="20181210 17:52:04.204"></status>
</kw>
<kw name="Click Element" library="SeleniumLibrary">
<doc>Click element identified by ``locator``.</doc>
<arguments>
<arg>//button[@id='save']</arg>
</arguments>
<msg timestamp="20181210 17:52:04.204" level="INFO">Clicking element '//button[@id='save']'.</msg>
<status status="PASS" starttime="20181210 17:52:04.204" endtime="20181210 17:52:04.337"></status>
</kw>
<kw name="Sleep" library="BuiltIn">
<doc>Pauses the test executed for the given time.</doc>
<arguments>
<arg>3s</arg>
</arguments>
<msg timestamp="20181210 17:52:07.352" level="INFO">Slept 3 seconds</msg>
<status status="PASS" starttime="20181210 17:52:04.338" endtime="20181210 17:52:07.352"></status>
</kw>
<status status="PASS" starttime="20181210 17:51:56.323" endtime="20181210 17:52:07.352"></status>
</kw>
<kw name="${row} = 5" type="foritem">
<kw name="Reading data from spreadsheet">
<arguments>
<arg>${row}</arg>
</arguments>
<kw name="Open Excel" library="ExcelRobot">
<doc>Opens the Excel file to read from the path provided in the file path parameter.</doc>
<arguments>
<arg>${excelName}</arg>
</arguments>
<msg timestamp="20181210 17:52:07.352" level="INFO">Opening file at C:\Users\BLR153\Desktop\DSA Automation\DSA-USA-RFW\ScoreCardCnfigurations.xlsx</msg>
<status status="PASS" starttime="20181210 17:52:07.352" endtime="20181210 17:52:07.352"></status>
</kw>
<kw name="Get Sheet Names" library="ExcelRobot">
<doc>Returns the names of all the worksheets in the current workbook.</doc>
<assign>
<var>${NumberOfExcelSheets}</var>
</assign>
<msg timestamp="20181210 17:52:07.352" level="INFO">${NumberOfExcelSheets} = ['Sheet1', 'ScoreCardRangesToBeAdded']</msg>
<status status="PASS" starttime="20181210 17:52:07.352" endtime="20181210 17:52:07.352"></status>
</kw>
<kw name="Get Column Count" library="ExcelRobot">
<doc>Returns the specific number of columns of the sheet name specified.</doc>
<arguments>
<arg>@{NumberOfExcelSheets}[1]</arg>
</arguments>
<assign>
<var>${nColCount}</var>
</assign>
<msg timestamp="20181210 17:52:07.352" level="INFO">${nColCount} = 7</msg>
<status status="PASS" starttime="20181210 17:52:07.352" endtime="20181210 17:52:07.352"></status>
</kw>
<kw name="${col} IN RANGE [ 0 | 1 ]" type="for">
<kw name="${col} = 0" type="foritem">
<kw name="Read Cell Data" library="ExcelRobot">
<doc>Uses the column and row to return the data from that cell.</doc>
<arguments>
<arg>@{NumberOfExcelSheets}[1]</arg>
<arg>${col}</arg>
<arg>${row}</arg>
</arguments>
<assign>
<var>${CelData}</var>
</assign>
<msg timestamp="20181210 17:52:07.368" level="INFO">${CelData} = 40.00</msg>
<status status="PASS" starttime="20181210 17:52:07.368" endtime="20181210 17:52:07.368"></status>
</kw>
<kw name="Set Suite Variable" library="BuiltIn">
<doc>Makes a variable available everywhere within the scope of the current suite.</doc>
<arguments>
<arg>${MinScoreInput}</arg>
<arg>${CelData}</arg>
</arguments>
<msg timestamp="20181210 17:52:07.368" level="INFO">${MinScoreInput} = 40.00</msg>
<status status="PASS" starttime="20181210 17:52:07.368" endtime="20181210 17:52:07.368"></status>
</kw>
<kw name="Evaluate" library="BuiltIn">
<doc>Evaluates the given expression in Python and returns the results.</doc>
<arguments>
<arg>${col}+1</arg>
</arguments>
<assign>
<var>${col1}</var>
</assign>
<msg timestamp="20181210 17:52:07.368" level="INFO">${col1} = 1</msg>
<status status="PASS" starttime="20181210 17:52:07.368" endtime="20181210 17:52:07.368"></status>
</kw>
<kw name="Read Cell Data" library="ExcelRobot">
<doc>Uses the column and row to return the data from that cell.</doc>
<arguments>
<arg>@{NumberOfExcelSheets}[1]</arg>
<arg>${col1}</arg>
<arg>${row}</arg>
</arguments>
<assign>
<var>${CelData2}</var>
</assign>
<msg timestamp="20181210 17:52:07.368" level="INFO">${CelData2} = 104.00</msg>
<status status="PASS" starttime="20181210 17:52:07.368" endtime="20181210 17:52:07.368"></status>
</kw>
<kw name="Set Suite Variable" library="BuiltIn">
<doc>Makes a variable available everywhere within the scope of the current suite.</doc>
<arguments>
<arg>${IncentiveAmount}</arg>
<arg>${CelData2}</arg>
</arguments>
<msg timestamp="20181210 17:52:07.368" level="INFO">${IncentiveAmount} = 104.00</msg>
<status status="PASS" starttime="20181210 17:52:07.368" endtime="20181210 17:52:07.368"></status>
</kw>
<status status="PASS" starttime="20181210 17:52:07.368" endtime="20181210 17:52:07.368"></status>
</kw>
<status status="PASS" starttime="20181210 17:52:07.352" endtime="20181210 17:52:07.368"></status>
</kw>
<status status="PASS" starttime="20181210 17:52:07.352" endtime="20181210 17:52:07.368"></status>
</kw>
<kw name="Sleep" library="BuiltIn">
<doc>Pauses the test executed for the given time.</doc>
<arguments>
<arg>2 s</arg>
</arguments>
<msg timestamp="20181210 17:52:09.380" level="INFO">Slept 2 seconds</msg>
<status status="PASS" starttime="20181210 17:52:07.368" endtime="20181210 17:52:09.380"></status>
</kw>
<kw name="Click Button" library="SeleniumLibrary">
<doc>Clicks button identified by ``locator``.</doc>
<arguments>
<arg>//button[@id='add']</arg>
</arguments>
<msg timestamp="20181210 17:52:09.380" level="INFO">Clicking button '//button[@id='add']'.</msg>
<status status="PASS" starttime="20181210 17:52:09.380" endtime="20181210 17:52:09.517"></status>
</kw>
<kw name="Sleep" library="BuiltIn">
<doc>Pauses the test executed for the given time.</doc>
<arguments>
<arg>2s</arg>
</arguments>
<msg timestamp="20181210 17:52:11.529" level="INFO">Slept 2 seconds</msg>
<status status="PASS" starttime="20181210 17:52:09.517" endtime="20181210 17:52:11.529"></status>
</kw>
<kw name="Page Should Contain Textfield" library="SeleniumLibrary">
<doc>Verifies text field ``locator`` is found from current page.</doc>
<arguments>
<arg>//input[@data-ng-model='range.minimumScoreNbrInput']</arg>
</arguments>
<msg timestamp="20181210 17:52:11.576" level="INFO">Current page contains text field '//input[@data-ng-model='range.minimumScoreNbrInput']'.</msg>
<status status="PASS" starttime="20181210 17:52:11.529" endtime="20181210 17:52:11.576"></status>
</kw>
<kw name="Element Should Be Disabled" library="SeleniumLibrary">
<doc>Verifies that element identified with ``locator`` is disabled.</doc>
<arguments>
<arg>//button[@id='save']</arg>
</arguments>
<status status="PASS" starttime="20181210 17:52:11.576" endtime="20181210 17:52:11.607"></status>
</kw>
<kw name="Element Should Be Enabled" library="SeleniumLibrary">
<doc>Verifies that element identified with ``locator`` is enabled.</doc>
<arguments>
<arg>//button[@id='cancel']</arg>
</arguments>
<status status="PASS" starttime="20181210 17:52:11.623" endtime="20181210 17:52:11.654"></status>
</kw>
<kw name="Input Text" library="SeleniumLibrary">
<doc>Types the given ``text`` into text field identified by ``locator``.</doc>
<arguments>
<arg>//input[@data-ng-model='range.minimumScoreNbrInput']</arg>
<arg>${MinScoreInput}</arg>
</arguments>
<msg timestamp="20181210 17:52:11.654" level="INFO">Typing text '40.00' into text field '//input[@data-ng-model='range.minimumScoreNbrInput']'.</msg>
<status status="PASS" starttime="20181210 17:52:11.654" endtime="20181210 17:52:11.865"></status>
</kw>
<kw name="Sleep" library="BuiltIn">
<doc>Pauses the test executed for the given time.</doc>
<arguments>
<arg>1s</arg>
</arguments>
<msg timestamp="20181210 17:52:12.876" level="INFO">Slept 1 second</msg>
<status status="PASS" starttime="20181210 17:52:11.865" endtime="20181210 17:52:12.876"></status>
</kw>
<kw name="Input Text" library="SeleniumLibrary">
<doc>Types the given ``text`` into text field identified by ``locator``.</doc>
<arguments>
<arg>//input[@name='amountInput']</arg>
<arg>${IncentiveAmount}</arg>
</arguments>
<msg timestamp="20181210 17:52:12.876" level="INFO">Typing text '104.00' into text field '//input[@name='amountInput']'.</msg>
<status status="PASS" starttime="20181210 17:52:12.876" endtime="20181210 17:52:13.199"></status>
</kw>
<kw name="Sleep" library="BuiltIn">
<doc>Pauses the test executed for the given time.</doc>
<arguments>
<arg>2s</arg>
</arguments>
<msg timestamp="20181210 17:52:15.214" level="INFO">Slept 2 seconds</msg>
<status status="PASS" starttime="20181210 17:52:13.199" endtime="20181210 17:52:15.214"></status>
</kw>
<kw name="Element Should Be Enabled" library="SeleniumLibrary">
<doc>Verifies that element identified with ``locator`` is enabled.</doc>
<arguments>
<arg>//button[@id='save']</arg>
</arguments>
<status status="PASS" starttime="20181210 17:52:15.214" endtime="20181210 17:52:15.261"></status>
</kw>
<kw name="Click Element" library="SeleniumLibrary">
<doc>Click element identified by ``locator``.</doc>
<arguments>
<arg>//button[@id='save']</arg>
</arguments>
<msg timestamp="20181210 17:52:15.261" level="INFO">Clicking element '//button[@id='save']'.</msg>
<status status="PASS" starttime="20181210 17:52:15.261" endtime="20181210 17:52:15.393"></status>
</kw>
<kw name="Sleep" library="BuiltIn">
<doc>Pauses the test executed for the given time.</doc>
<arguments>
<arg>3s</arg>
</arguments>
<msg timestamp="20181210 17:52:18.402" level="INFO">Slept 3 seconds</msg>
<status status="PASS" starttime="20181210 17:52:15.394" endtime="20181210 17:52:18.402"></status>
</kw>
<status status="PASS" starttime="20181210 17:52:07.352" endtime="20181210 17:52:18.402"></status>
</kw>
<kw name="${row} = 6" type="foritem">
<kw name="Reading data from spreadsheet">
<arguments>
<arg>${row}</arg>
</arguments>
<kw name="Open Excel" library="ExcelRobot">
<doc>Opens the Excel file to read from the path provided in the file path parameter.</doc>
<arguments>
<arg>${excelName}</arg>
</arguments>
<msg timestamp="20181210 17:52:18.402" level="INFO">Opening file at C:\Users\BLR153\Desktop\DSA Automation\DSA-USA-RFW\ScoreCardCnfigurations.xlsx</msg>
<status status="PASS" starttime="20181210 17:52:18.402" endtime="20181210 17:52:18.402"></status>
</kw>
<kw name="Get Sheet Names" library="ExcelRobot">
<doc>Returns the names of all the worksheets in the current workbook.</doc>
<assign>
<var>${NumberOfExcelSheets}</var>
</assign>
<msg timestamp="20181210 17:52:18.402" level="INFO">${NumberOfExcelSheets} = ['Sheet1', 'ScoreCardRangesToBeAdded']</msg>
<status status="PASS" starttime="20181210 17:52:18.402" endtime="20181210 17:52:18.402"></status>
</kw>
<kw name="Get Column Count" library="ExcelRobot">
<doc>Returns the specific number of columns of the sheet name specified.</doc>
<arguments>
<arg>@{NumberOfExcelSheets}[1]</arg>
</arguments>
<assign>
<var>${nColCount}</var>
</assign>
<msg timestamp="20181210 17:52:18.417" level="INFO">${nColCount} = 7</msg>
<status status="PASS" starttime="20181210 17:52:18.402" endtime="20181210 17:52:18.417"></status>
</kw>
<kw name="${col} IN RANGE [ 0 | 1 ]" type="for">
<kw name="${col} = 0" type="foritem">
<kw name="Read Cell Data" library="ExcelRobot">
<doc>Uses the column and row to return the data from that cell.</doc>
<arguments>
<arg>@{NumberOfExcelSheets}[1]</arg>
<arg>${col}</arg>
<arg>${row}</arg>
</arguments>
<assign>
<var>${CelData}</var>
</assign>
<msg timestamp="20181210 17:52:18.417" level="INFO">${CelData} = 50.00</msg>
<status status="PASS" starttime="20181210 17:52:18.417" endtime="20181210 17:52:18.417"></status>
</kw>
<kw name="Set Suite Variable" library="BuiltIn">
<doc>Makes a variable available everywhere within the scope of the current suite.</doc>
<arguments>
<arg>${MinScoreInput}</arg>
<arg>${CelData}</arg>
</arguments>
<msg timestamp="20181210 17:52:18.417" level="INFO">${MinScoreInput} = 50.00</msg>
<status status="PASS" starttime="20181210 17:52:18.417" endtime="20181210 17:52:18.417"></status>
</kw>
<kw name="Evaluate" library="BuiltIn">
<doc>Evaluates the given expression in Python and returns the results.</doc>
<arguments>
<arg>${col}+1</arg>
</arguments>
<assign>
<var>${col1}</var>
</assign>
<msg timestamp="20181210 17:52:18.417" level="INFO">${col1} = 1</msg>
<status status="PASS" starttime="20181210 17:52:18.417" endtime="20181210 17:52:18.417"></status>
</kw>
<kw name="Read Cell Data" library="ExcelRobot">
<doc>Uses the column and row to return the data from that cell.</doc>
<arguments>
<arg>@{NumberOfExcelSheets}[1]</arg>
<arg>${col1}</arg>
<arg>${row}</arg>
</arguments>
<assign>
<var>${CelData2}</var>
</assign>
<msg timestamp="20181210 17:52:18.417" level="INFO">${CelData2} = 105.00</msg>
<status status="PASS" starttime="20181210 17:52:18.417" endtime="20181210 17:52:18.417"></status>
</kw>
<kw name="Set Suite Variable" library="BuiltIn">
<doc>Makes a variable available everywhere within the scope of the current suite.</doc>
<arguments>
<arg>${IncentiveAmount}</arg>
<arg>${CelData2}</arg>
</arguments>
<msg timestamp="20181210 17:52:18.417" level="INFO">${IncentiveAmount} = 105.00</msg>
<status status="PASS" starttime="20181210 17:52:18.417" endtime="20181210 17:52:18.417"></status>
</kw>
<status status="PASS" starttime="20181210 17:52:18.417" endtime="20181210 17:52:18.417"></status>
</kw>
<status status="PASS" starttime="20181210 17:52:18.417" endtime="20181210 17:52:18.417"></status>
</kw>
<status status="PASS" starttime="20181210 17:52:18.402" endtime="20181210 17:52:18.417"></status>
</kw>
<kw name="Sleep" library="BuiltIn">
<doc>Pauses the test executed for the given time.</doc>
<arguments>
<arg>2 s</arg>
</arguments>
<msg timestamp="20181210 17:52:20.425" level="INFO">Slept 2 seconds</msg>
<status status="PASS" starttime="20181210 17:52:18.417" endtime="20181210 17:52:20.425"></status>
</kw>
<kw name="Click Button" library="SeleniumLibrary">
<doc>Clicks button identified by ``locator``.</doc>
<arguments>
<arg>//button[@id='add']</arg>
</arguments>
<msg timestamp="20181210 17:52:20.425" level="INFO">Clicking button '//button[@id='add']'.</msg>
<status status="PASS" starttime="20181210 17:52:20.425" endtime="20181210 17:52:20.583"></status>
</kw>
<kw name="Sleep" library="BuiltIn">
<doc>Pauses the test executed for the given time.</doc>
<arguments>
<arg>2s</arg>
</arguments>
<msg timestamp="20181210 17:52:22.595" level="INFO">Slept 2 seconds</msg>
<status status="PASS" starttime="20181210 17:52:20.583" endtime="20181210 17:52:22.595"></status>
</kw>
<kw name="Page Should Contain Textfield" library="SeleniumLibrary">
<doc>Verifies text field ``locator`` is found from current page.</doc>
<arguments>
<arg>//input[@data-ng-model='range.minimumScoreNbrInput']</arg>
</arguments>
<msg timestamp="20181210 17:52:22.642" level="INFO">Current page contains text field '//input[@data-ng-model='range.minimumScoreNbrInput']'.</msg>
<status status="PASS" starttime="20181210 17:52:22.595" endtime="20181210 17:52:22.642"></status>
</kw>
<kw name="Element Should Be Disabled" library="SeleniumLibrary">
<doc>Verifies that element identified with ``locator`` is disabled.</doc>
<arguments>
<arg>//button[@id='save']</arg>
</arguments>
<status status="PASS" starttime="20181210 17:52:22.642" endtime="20181210 17:52:22.673"></status>
</kw>
<kw name="Element Should Be Enabled" library="SeleniumLibrary">
<doc>Verifies that element identified with ``locator`` is enabled.</doc>
<arguments>
<arg>//button[@id='cancel']</arg>
</arguments>
<status status="PASS" starttime="20181210 17:52:22.673" endtime="20181210 17:52:22.704"></status>
</kw>
<kw name="Input Text" library="SeleniumLibrary">
<doc>Types the given ``text`` into text field identified by ``locator``.</doc>
<arguments>
<arg>//input[@data-ng-model='range.minimumScoreNbrInput']</arg>
<arg>${MinScoreInput}</arg>
</arguments>
<msg timestamp="20181210 17:52:22.704" level="INFO">Typing text '50.00' into text field '//input[@data-ng-model='range.minimumScoreNbrInput']'.</msg>
<status status="PASS" starttime="20181210 17:52:22.704" endtime="20181210 17:52:22.935"></status>
</kw>
<kw name="Sleep" library="BuiltIn">
<doc>Pauses the test executed for the given time.</doc>
<arguments>
<arg>1s</arg>
</arguments>
<msg timestamp="20181210 17:52:23.940" level="INFO">Slept 1 second</msg>
<status status="PASS" starttime="20181210 17:52:22.936" endtime="20181210 17:52:23.940"></status>
</kw>
<kw name="Input Text" library="SeleniumLibrary">
<doc>Types the given ``text`` into text field identified by ``locator``.</doc>
<arguments>
<arg>//input[@name='amountInput']</arg>
<arg>${IncentiveAmount}</arg>
</arguments>
<msg timestamp="20181210 17:52:23.940" level="INFO">Typing text '105.00' into text field '//input[@name='amountInput']'.</msg>
<status status="PASS" starttime="20181210 17:52:23.940" endtime="20181210 17:52:24.264"></status>
</kw>
<kw name="Sleep" library="BuiltIn">
<doc>Pauses the test executed for the given time.</doc>
<arguments>
<arg>2s</arg>
</arguments>
<msg timestamp="20181210 17:52:26.277" level="INFO">Slept 2 seconds</msg>
<status status="PASS" starttime="20181210 17:52:24.264" endtime="20181210 17:52:26.277"></status>
</kw>
<kw name="Element Should Be Enabled" library="SeleniumLibrary">
<doc>Verifies that element identified with ``locator`` is enabled.</doc>
<arguments>
<arg>//button[@id='save']</arg>
</arguments>
<status status="PASS" starttime="20181210 17:52:26.277" endtime="20181210 17:52:26.321"></status>
</kw>
<kw name="Click Element" library="SeleniumLibrary">
<doc>Click element identified by ``locator``.</doc>
<arguments>
<arg>//button[@id='save']</arg>
</arguments>
<msg timestamp="20181210 17:52:26.321" level="INFO">Clicking element '//button[@id='save']'.</msg>
<status status="PASS" starttime="20181210 17:52:26.321" endtime="20181210 17:52:26.457"></status>
</kw>
<kw name="Sleep" library="BuiltIn">
<doc>Pauses the test executed for the given time.</doc>
<arguments>
<arg>3s</arg>
</arguments>
<msg timestamp="20181210 17:52:29.471" level="INFO">Slept 3 seconds</msg>
<status status="PASS" starttime="20181210 17:52:26.458" endtime="20181210 17:52:29.471"></status>
</kw>
<status status="PASS" starttime="20181210 17:52:18.402" endtime="20181210 17:52:29.471"></status>
</kw>
<kw name="${row} = 7" type="foritem">
<kw name="Reading data from spreadsheet">
<arguments>
<arg>${row}</arg>
</arguments>
<kw name="Open Excel" library="ExcelRobot">
<doc>Opens the Excel file to read from the path provided in the file path parameter.</doc>
<arguments>
<arg>${excelName}</arg>
</arguments>
<msg timestamp="20181210 17:52:29.471" level="INFO">Opening file at C:\Users\BLR153\Desktop\DSA Automation\DSA-USA-RFW\ScoreCardCnfigurations.xlsx</msg>
<status status="PASS" starttime="20181210 17:52:29.471" endtime="20181210 17:52:29.471"></status>
</kw>
<kw name="Get Sheet Names" library="ExcelRobot">
<doc>Returns the names of all the worksheets in the current workbook.</doc>
<assign>
<var>${NumberOfExcelSheets}</var>
</assign>
<msg timestamp="20181210 17:52:29.471" level="INFO">${NumberOfExcelSheets} = ['Sheet1', 'ScoreCardRangesToBeAdded']</msg>
<status status="PASS" starttime="20181210 17:52:29.471" endtime="20181210 17:52:29.471"></status>
</kw>
<kw name="Get Column Count" library="ExcelRobot">
<doc>Returns the specific number of columns of the sheet name specified.</doc>
<arguments>
<arg>@{NumberOfExcelSheets}[1]</arg>
</arguments>
<assign>
<var>${nColCount}</var>
</assign>
<msg timestamp="20181210 17:52:29.471" level="INFO">${nColCount} = 7</msg>
<status status="PASS" starttime="20181210 17:52:29.471" endtime="20181210 17:52:29.471"></status>
</kw>
<kw name="${col} IN RANGE [ 0 | 1 ]" type="for">
<kw name="${col} = 0" type="foritem">
<kw name="Read Cell Data" library="ExcelRobot">
<doc>Uses the column and row to return the data from that cell.</doc>
<arguments>
<arg>@{NumberOfExcelSheets}[1]</arg>
[...]
<kw name="Click Button" library="SeleniumLibrary">
<doc>Clicks button identified by ``locator``.</doc>
<arguments>
<arg>//button[contains(text(),'Recalculate')]</arg>
</arguments>
<msg timestamp="20181210 18:07:06.605" level="INFO">Clicking button '//button[contains(text(),'Recalculate')]'.</msg>
<status status="PASS" starttime="20181210 18:07:06.605" endtime="20181210 18:07:06.999"></status>
</kw>
<kw name="Sleep" library="BuiltIn">
<doc>Pauses the test executed for the given time.</doc>
<arguments>
<arg>240s</arg>
</arguments>
<msg timestamp="20181210 18:11:06.999" level="INFO">Slept 4 minutes</msg>
<status status="PASS" starttime="20181210 18:07:06.999" endtime="20181210 18:11:07.000"></status>
</kw>
<kw name="Element Should Be Enabled" library="SeleniumLibrary">
<doc>Verifies that element identified with ``locator`` is enabled.</doc>
<arguments>
<arg>//button[@data-ng-click="exportScores()"]</arg>
</arguments>
<status status="PASS" starttime="20181210 18:11:07.000" endtime="20181210 18:11:07.054"></status>
</kw>
<kw name="Click Button" library="SeleniumLibrary">
<doc>Clicks button identified by ``locator``.</doc>
<arguments>
<arg>//button[@data-ng-click="exportScores()"]</arg>
</arguments>
<msg timestamp="20181210 18:11:07.055" level="INFO">Clicking button '//button[@data-ng-click="exportScores()"]'.</msg>
<status status="PASS" starttime="20181210 18:11:07.054" endtime="20181210 18:11:07.267"></status>
</kw>
<kw name="Sleep" library="BuiltIn">
<doc>Pauses the test executed for the given time.</doc>
<arguments>
<arg>10s</arg>
</arguments>
<msg timestamp="20181210 18:11:17.269" level="INFO">Slept 10 seconds</msg>
<status status="PASS" starttime="20181210 18:11:07.267" endtime="20181210 18:11:17.269"></status>
</kw>
<status status="PASS" starttime="20181210 18:06:46.338" endtime="20181210 18:11:17.269"></status>
</kw>
<kw name="${FiscalQuarter} = 2017-4" type="foritem">
<kw name="Select from FiscalQuarters dropdown by value">
<arguments>
<arg>//select[@id='fiscalQuarter']</arg>
<arg>${FiscalQuarter}</arg>
</arguments>
<kw name="Focus" library="SeleniumLibrary">
<doc>Deprecated. Use `Set Focus To Element` instead.</doc>
<arguments>
<arg>${locator}</arg>
</arguments>
<status status="PASS" starttime="20181210 18:11:17.271" endtime="20181210 18:11:17.322"></status>
</kw>
<kw name="Select From List By Label" library="SeleniumLibrary">
<doc>Selects options from selection list ``locator`` by ``labels``.</doc>
<arguments>
<arg>${locator}</arg>
<arg>${select value}</arg>
</arguments>
<msg timestamp="20181210 18:11:17.323" level="INFO">Selecting options from selection list '//select[@id='fiscalQuarter']' by label 2017-4.</msg>
<status status="PASS" starttime="20181210 18:11:17.322" endtime="20181210 18:11:17.541"></status>
</kw>
<kw name="Sleep" library="BuiltIn">
<doc>Pauses the test executed for the given time.</doc>
<arguments>
<arg>20s</arg>
</arguments>
<msg timestamp="20181210 18:11:37.543" level="INFO">Slept 20 seconds</msg>
<status status="PASS" starttime="20181210 18:11:17.542" endtime="20181210 18:11:37.543"></status>
</kw>
<status status="PASS" starttime="20181210 18:11:17.270" endtime="20181210 18:11:37.543"></status>
</kw>
<kw name="Set Selenium Implicit Wait" library="SeleniumLibrary">
<doc>Sets the implicit wait value used by Selenium.</doc>
<arguments>
<arg>60s</arg>
</arguments>
<status status="PASS" starttime="20181210 18:11:37.544" endtime="20181210 18:11:37.549"></status>
</kw>
<kw name="Element Should Be Enabled" library="SeleniumLibrary">
<doc>Verifies that element identified with ``locator`` is enabled.</doc>
<arguments>
<arg>//button[contains(text(),'Recalculate')]</arg>
</arguments>
<status status="PASS" starttime="20181210 18:11:37.549" endtime="20181210 18:11:37.601"></status>
</kw>
<kw name="Click Button" library="SeleniumLibrary">
<doc>Clicks button identified by ``locator``.</doc>
<arguments>
<arg>//button[contains(text(),'Recalculate')]</arg>
</arguments>
<msg timestamp="20181210 18:11:37.601" level="INFO">Clicking button '//button[contains(text(),'Recalculate')]'.</msg>
<status status="PASS" starttime="20181210 18:11:37.601" endtime="20181210 18:11:37.866"></status>
</kw>
<kw name="Sleep" library="BuiltIn">
<doc>Pauses the test executed for the given time.</doc>
<arguments>
<arg>240s</arg>
</arguments>
<msg timestamp="20181210 18:15:37.867" level="INFO">Slept 4 minutes</msg>
<status status="PASS" starttime="20181210 18:11:37.866" endtime="20181210 18:15:37.867"></status>
</kw>
<kw name="Element Should Be Enabled" library="SeleniumLibrary">
<doc>Verifies that element identified with ``locator`` is enabled.</doc>
<arguments>
<arg>//button[@data-ng-click="exportScores()"]</arg>
</arguments>
<status status="PASS" starttime="20181210 18:15:37.868" endtime="20181210 18:15:37.915"></status>
</kw>
<kw name="Click Button" library="SeleniumLibrary">
<doc>Clicks button identified by ``locator``.</doc>
<arguments>
<arg>//button[@data-ng-click="exportScores()"]</arg>
</arguments>
<msg timestamp="20181210 18:15:37.916" level="INFO">Clicking button '//button[@data-ng-click="exportScores()"]'.</msg>
<status status="PASS" starttime="20181210 18:15:37.915" endtime="20181210 18:15:38.143"></status>
</kw>
<kw name="Sleep" library="BuiltIn">
<doc>Pauses the test executed for the given time.</doc>
<arguments>
<arg>10s</arg>
</arguments>
<msg timestamp="20181210 18:15:48.146" level="INFO">Slept 10 seconds</msg>
<status status="PASS" starttime="20181210 18:15:38.144" endtime="20181210 18:15:48.146"></status>
</kw>
<status status="PASS" starttime="20181210 18:11:17.270" endtime="20181210 18:15:48.146"></status>
</kw>
<kw name="${FiscalQuarter} = 2018-1" type="foritem">
<kw name="Select from FiscalQuarters dropdown by value">
<arguments>
<arg>//select[@id='fiscalQuarter']</arg>
<arg>${FiscalQuarter}</arg>
</arguments>
<kw name="Focus" library="SeleniumLibrary">
<doc>Deprecated. Use `Set Focus To Element` instead.</doc>
<arguments>
<arg>${locator}</arg>
</arguments>
<status status="PASS" starttime="20181210 18:15:48.146" endtime="20181210 18:15:48.170"></status>
</kw>
<kw name="Select From List By Label" library="SeleniumLibrary">
<doc>Selects options from selection list ``locator`` by ``labels``.</doc>
<arguments>
<arg>${locator}</arg>
<arg>${select value}</arg>
</arguments>
<msg timestamp="20181210 18:15:48.171" level="INFO">Selecting options from selection list '//select[@id='fiscalQuarter']' by label 2018-1.</msg>
<status status="PASS" starttime="20181210 18:15:48.171" endtime="20181210 18:15:48.420"></status>
</kw>
<kw name="Sleep" library="BuiltIn">
<doc>Pauses the test executed for the given time.</doc>
<arguments>
<arg>20s</arg>
</arguments>
<msg timestamp="20181210 18:16:08.421" level="INFO">Slept 20 seconds</msg>
<status status="PASS" starttime="20181210 18:15:48.420" endtime="20181210 18:16:08.421"></status>
</kw>
<status status="PASS" starttime="20181210 18:15:48.146" endtime="20181210 18:16:08.421"></status>
</kw>
<kw name="Set Selenium Implicit Wait" library="SeleniumLibrary">
<doc>Sets the implicit wait value used by Selenium.</doc>
<arguments>
<arg>60s</arg>
</arguments>
<status status="PASS" starttime="20181210 18:16:08.421" endtime="20181210 18:16:08.423"></status>
</kw>
<kw name="Element Should Be Enabled" library="SeleniumLibrary">
<doc>Verifies that element identified with ``locator`` is enabled.</doc>
<arguments>
<arg>//button[contains(text(),'Recalculate')]</arg>
</arguments>
<status status="PASS" starttime="20181210 18:16:08.424" endtime="20181210 18:16:08.459"></status>
</kw>
<kw name="Click Button" library="SeleniumLibrary">
<doc>Clicks button identified by ``locator``.</doc>
<arguments>
<arg>//button[contains(text(),'Recalculate')]</arg>
</arguments>
<msg timestamp="20181210 18:16:08.459" level="INFO">Clicking button '//button[contains(text(),'Recalculate')]'.</msg>
<status status="PASS" starttime="20181210 18:16:08.459" endtime="20181210 18:16:08.873"></status>
</kw>
<kw name="Sleep" library="BuiltIn">
<doc>Pauses the test executed for the given time.</doc>
<arguments>
<arg>240s</arg>
</arguments>
<msg timestamp="20181210 18:20:08.877" level="INFO">Slept 4 minutes</msg>
<status status="PASS" starttime="20181210 18:16:08.873" endtime="20181210 18:20:08.877"></status>
</kw>
<kw name="Element Should Be Enabled" library="SeleniumLibrary">
<doc>Verifies that element identified with ``locator`` is enabled.</doc>
<arguments>
<arg>//button[@data-ng-click="exportScores()"]</arg>
</arguments>
<status status="PASS" starttime="20181210 18:20:08.877" endtime="20181210 18:20:08.938"></status>
</kw>
<kw name="Click Button" library="SeleniumLibrary">
<doc>Clicks button identified by ``locator``.</doc>
<arguments>
<arg>//button[@data-ng-click="exportScores()"]</arg>
</arguments>
<msg timestamp="20181210 18:20:08.938" level="INFO">Clicking button '//button[@data-ng-click="exportScores()"]'.</msg>
<status status="PASS" starttime="20181210 18:20:08.938" endtime="20181210 18:20:09.122"></status>
</kw>
<kw name="Sleep" library="BuiltIn">
<doc>Pauses the test executed for the given time.</doc>
<arguments>
<arg>10s</arg>
</arguments>
<msg timestamp="20181210 18:20:19.137" level="INFO">Slept 10 seconds</msg>
<status status="PASS" starttime="20181210 18:20:09.122" endtime="20181210 18:20:19.137"></status>
</kw>
<status status="PASS" starttime="20181210 18:15:48.146" endtime="20181210 18:20:19.137"></status>
</kw>
<kw name="${FiscalQuarter} = 2018-2" type="foritem">
<kw name="Select from FiscalQuarters dropdown by value">
<arguments>
<arg>//select[@id='fiscalQuarter']</arg>
<arg>${FiscalQuarter}</arg>
</arguments>
<kw name="Focus" library="SeleniumLibrary">
<doc>Deprecated. Use `Set Focus To Element` instead.</doc>
<arguments>
<arg>${locator}</arg>
</arguments>
<status status="PASS" starttime="20181210 18:20:19.137" endtime="20181210 18:20:19.190"></status>
</kw>
<kw name="Select From List By Label" library="SeleniumLibrary">
<doc>Selects options from selection list ``locator`` by ``labels``.</doc>
<arguments>
<arg>${locator}</arg>
<arg>${select value}</arg>
</arguments>
<msg timestamp="20181210 18:20:19.191" level="INFO">Selecting options from selection list '//select[@id='fiscalQuarter']' by label 2018-2.</msg>
<status status="PASS" starttime="20181210 18:20:19.190" endtime="20181210 18:20:19.354"></status>
</kw>
<kw name="Sleep" library="BuiltIn">
<doc>Pauses the test executed for the given time.</doc>
<arguments>
<arg>20s</arg>
</arguments>
<msg timestamp="20181210 18:20:39.366" level="INFO">Slept 20 seconds</msg>
<status status="PASS" starttime="20181210 18:20:19.355" endtime="20181210 18:20:39.366"></status>
</kw>
<status status="PASS" starttime="20181210 18:20:19.137" endtime="20181210 18:20:39.366"></status>
</kw>
<kw name="Set Selenium Implicit Wait" library="SeleniumLibrary">
<doc>Sets the implicit wait value used by Selenium.</doc>
<arguments>
<arg>60s</arg>
</arguments>
<status status="PASS" starttime="20181210 18:20:39.366" endtime="20181210 18:20:39.366"></status>
</kw>
<kw name="Element Should Be Enabled" library="SeleniumLibrary">
<doc>Verifies that element identified with ``locator`` is enabled.</doc>
<arguments>
<arg>//button[contains(text(),'Recalculate')]</arg>
</arguments>
<status status="PASS" starttime="20181210 18:20:39.366" endtime="20181210 18:20:39.444"></status>
</kw>
<kw name="Click Button" library="SeleniumLibrary">
<doc>Clicks button identified by ``locator``.</doc>
<arguments>
<arg>//button[contains(text(),'Recalculate')]</arg>
</arguments>
<msg timestamp="20181210 18:20:39.444" level="INFO">Clicking button '//button[contains(text(),'Recalculate')]'.</msg>
<status status="PASS" starttime="20181210 18:20:39.444" endtime="20181210 18:20:39.695"></status>
</kw>
<kw name="Sleep" library="BuiltIn">
<doc>Pauses the test executed for the given time.</doc>
<arguments>
<arg>240s</arg>
</arguments>
<msg timestamp="20181210 18:24:39.703" level="INFO">Slept 4 minutes</msg>
<status status="PASS" starttime="20181210 18:20:39.695" endtime="20181210 18:24:39.703"></status>
</kw>
<kw name="Element Should Be Enabled" library="SeleniumLibrary">
<doc>Verifies that element identified with ``locator`` is enabled.</doc>
<arguments>
<arg>//button[@data-ng-click="exportScores()"]</arg>
</arguments>
<status status="PASS" starttime="20181210 18:24:39.703" endtime="20181210 18:24:39.781"></status>
</kw>
<kw name="Click Button" library="SeleniumLibrary">
<doc>Clicks button identified by ``locator``.</doc>
<arguments>
<arg>//button[@data-ng-click="exportScores()"]</arg>
</arguments>
<msg timestamp="20181210 18:24:39.781" level="INFO">Clicking button '//button[@data-ng-click="exportScores()"]'.</msg>
<status status="PASS" starttime="20181210 18:24:39.781" endtime="20181210 18:24:39.994"></status>
</kw>
<kw name="Sleep" library="BuiltIn">
<doc>Pauses the test executed for the given time.</doc>
<arguments>
<arg>10s</arg>
</arguments>
<msg timestamp="20181210 18:24:49.996" level="INFO">Slept 10 seconds</msg>
<status status="PASS" starttime="20181210 18:24:39.995" endtime="20181210 18:24:49.996"></status>
</kw>
<status status="PASS" starttime="20181210 18:20:19.137" endtime="20181210 18:24:49.996"></status>
</kw>
<kw name="${FiscalQuarter} = 2018-3" type="foritem">
<kw name="Select from FiscalQuarters dropdown by value">
<arguments>
<arg>//select[@id='fiscalQuarter']</arg>
<arg>${FiscalQuarter}</arg>
</arguments>
<kw name="Focus" library="SeleniumLibrary">
<doc>Deprecated. Use `Set Focus To Element` instead.</doc>
<arguments>
<arg>${locator}</arg>
</arguments>
<status status="PASS" starttime="20181210 18:24:49.996" endtime="20181210 18:24:50.057"></status>
</kw>
<kw name="Select From List By Label" library="SeleniumLibrary">
<doc>Selects options from selection list ``locator`` by ``labels``.</doc>
<arguments>
<arg>${locator}</arg>
<arg>${select value}</arg>
</arguments>
<msg timestamp="20181210 18:24:50.058" level="INFO">Selecting options from selection list '//select[@id='fiscalQuarter']' by label 2018-3.</msg>
<status status="PASS" starttime="20181210 18:24:50.057" endtime="20181210 18:24:50.221"></status>
</kw>
<kw name="Sleep" library="BuiltIn">
<doc>Pauses the test executed for the given time.</doc>
<arguments>
<arg>20s</arg>
</arguments>
<msg timestamp="20181210 18:25:10.236" level="INFO">Slept 20 seconds</msg>
<status status="PASS" starttime="20181210 18:24:50.221" endtime="20181210 18:25:10.236"></status>
</kw>
<status status="PASS" starttime="20181210 18:24:49.996" endtime="20181210 18:25:10.236"></status>
</kw>
<kw name="Set Selenium Implicit Wait" library="SeleniumLibrary">
<doc>Sets the implicit wait value used by Selenium.</doc>
<arguments>
<arg>60s</arg>
</arguments>
<status status="PASS" starttime="20181210 18:25:10.236" endtime="20181210 18:25:10.236"></status>
</kw>
<kw name="Element Should Be Enabled" library="SeleniumLibrary">
<doc>Verifies that element identified with ``locator`` is enabled.</doc>
<arguments>
<arg>//button[contains(text(),'Recalculate')]</arg>
</arguments>
<status status="PASS" starttime="20181210 18:25:10.236" endtime="20181210 18:25:10.298"></status>
</kw>
<kw name="Click Button" library="SeleniumLibrary">
<doc>Clicks button identified by ``locator``.</doc>
<arguments>
<arg>//button[contains(text(),'Recalculate')]</arg>
</arguments>
<msg timestamp="20181210 18:25:10.298" level="INFO">Clicking button '//button[contains(text(),'Recalculate')]'.</msg>
<status status="PASS" starttime="20181210 18:25:10.298" endtime="20181210 18:25:10.560"></status>
</kw>
<kw name="Sleep" library="BuiltIn">
<doc>Pauses the test executed for the given time.</doc>
<arguments>
<arg>240s</arg>
</arguments>
<msg timestamp="20181210 18:29:10.565" level="INFO">Slept 4 minutes</msg>
<status status="PASS" starttime="20181210 18:25:10.561" endtime="20181210 18:29:10.565"></status>
</kw>
<kw name="Element Should Be Enabled" library="SeleniumLibrary">
<doc>Verifies that element identified with ``locator`` is enabled.</doc>
<arguments>
<arg>//button[@data-ng-click="exportScores()"]</arg>
</arguments>
<status status="PASS" starttime="20181210 18:29:10.565" endtime="20181210 18:29:10.628"></status>
</kw>
<kw name="Click Button" library="SeleniumLibrary">
<doc>Clicks button identified by ``locator``.</doc>
<arguments>
<arg>//button[@data-ng-click="exportScores()"]</arg>
</arguments>
<msg timestamp="20181210 18:29:10.628" level="INFO">Clicking button '//button[@data-ng-click="exportScores()"]'.</msg>
<status status="PASS" starttime="20181210 18:29:10.628" endtime="20181210 18:29:10.858"></status>
</kw>
<kw name="Sleep" library="BuiltIn">
<doc>Pauses the test executed for the given time.</doc>
<arguments>
<arg>10s</arg>
</arguments>
<msg timestamp="20181210 18:29:20.865" level="INFO">Slept 10 seconds</msg>
<status status="PASS" starttime="20181210 18:29:10.858" endtime="20181210 18:29:20.865"></status>
</kw>
<status status="PASS" starttime="20181210 18:24:49.996" endtime="20181210 18:29:20.865"></status>
</kw>
<status status="PASS" starttime="20181210 17:57:44.425" endtime="20181210 18:29:20.865"></status>
</kw>
<status status="PASS" starttime="20181210 17:57:44.228" endtime="20181210 18:29:20.865"></status>
</kw>
<kw name="Verify CSV File Content verification">
<kw name="Set Variable" library="BuiltIn">
<doc>Returns the given values which can then be assigned to a variables.</doc>
<arguments>
<arg>'C:\\Users\\BLR153\\Downloads\\'</arg>
</arguments>
<assign>
<var>${current_dir_path}</var>
</assign>
<msg timestamp="20181210 18:29:20.865" level="INFO">${current_dir_path} = 'C:\Users\BLR153\Downloads\'</msg>
<status status="PASS" starttime="20181210 18:29:20.865" endtime="20181210 18:29:20.865"></status>
</kw>
<kw name="Get Files From Dir" library="ReadFilesinDir">
<arguments>
<arg>${current_dir_path}</arg>
</arguments>
<assign>
<var>${AllFiles}</var>
</assign>
<msg timestamp="20181210 18:29:20.865" level="INFO">${AllFiles} = []</msg>
<status status="PASS" starttime="20181210 18:29:20.865" endtime="20181210 18:29:20.865"></status>
</kw>
<kw name="${File} IN [ @{AllFiles} ]" type="for">
<status status="PASS" starttime="20181210 18:29:20.865" endtime="20181210 18:29:20.865"></status>
</kw>
<status status="PASS" starttime="20181210 18:29:20.865" endtime="20181210 18:29:20.865"></status>
</kw>
<status status="PASS" starttime="20181210 17:56:52.273" endtime="20181210 18:29:20.865" critical="yes"></status>
</test>
<doc>DSA-USA:Operations on Driver Score card bonus screen in admin module</doc>
<status status="PASS" starttime="20181210 17:56:52.257" endtime="20181210 18:29:20.865"></status>
</suite>
<status status="PASS" starttime="20181210 17:56:52.257" endtime="20181210 18:29:20.865"></status>
</suite>
<status status="PASS" starttime="20181210 17:50:10.853" endtime="20181210 18:29:20.880"></status>
</suite>
<statistics>
<total>
<stat pass="3" fail="0">Critical Tests</stat>
<stat pass="3" fail="0">All Tests</stat>
</total>
<tag>
</tag>
<suite>
<stat pass="3" fail="0" id="s1" name="TestSuites">TestSuites</stat>
<stat pass="2" fail="0" id="s1-s1" name="Admin">TestSuites.Admin</stat>
<stat pass="1" fail="0" id="s1-s1-s1" name="Admin ScoreCardConfiguration">TestSuites.Admin.Admin ScoreCardConfiguration</stat>
<stat pass="1" fail="0" id="s1-s1-s2" name="Test Upload Files">TestSuites.Admin.Test Upload Files</stat>
<stat pass="1" fail="0" id="s1-s2" name="Bonuses Module">TestSuites.Bonuses Module</stat>
<stat pass="1" fail="0" id="s1-s2-s1" name="Bonuses Tab 03 Driver Score Card">TestSuites.Bonuses Module.Bonuses Tab 03 Driver Score Card</stat>
</suite>
</statistics>
<errors>
</errors>
</robot>
